<?xml version="1.0" encoding="UTF-8"?>
<coverage generated="1607993517573" clover="3.2.0">
  <project timestamp="1607993517573" name="All files">
    <metrics statements="299" coveredstatements="265" conditionals="34" coveredconditionals="22" methods="53" coveredmethods="38" elements="386" coveredelements="325" complexity="0" loc="299" ncloc="299" packages="9" files="24" classes="24"/>
    <package name="src">
      <metrics statements="46" coveredstatements="45" conditionals="8" coveredconditionals="5" methods="3" coveredmethods="3"/>
      <file name="app.js" path="/Users/amirelemam/Library/Mobile Documents/com~apple~CloudDocs/Projects/Serverless Bank App/serverless-bank-webapp/services/account-manager/src/app.js">
        <metrics statements="28" coveredstatements="28" conditionals="4" coveredconditionals="3" methods="2" coveredmethods="2"/>
        <line num="3" count="2" type="stmt"/>
        <line num="4" count="2" type="stmt"/>
        <line num="5" count="2" type="stmt"/>
        <line num="6" count="2" type="stmt"/>
        <line num="7" count="2" type="stmt"/>
        <line num="8" count="2" type="stmt"/>
        <line num="9" count="2" type="stmt"/>
        <line num="11" count="2" type="stmt"/>
        <line num="12" count="2" type="stmt"/>
        <line num="13" count="2" type="stmt"/>
        <line num="15" count="2" type="stmt"/>
        <line num="17" count="2" type="stmt"/>
        <line num="18" count="2" type="stmt"/>
        <line num="19" count="2" type="stmt"/>
        <line num="20" count="2" type="stmt"/>
        <line num="21" count="2" type="stmt"/>
        <line num="22" count="2" type="stmt"/>
        <line num="25" count="2" type="stmt"/>
        <line num="26" count="39" type="stmt"/>
        <line num="27" count="39" type="stmt"/>
        <line num="28" count="39" type="stmt"/>
        <line num="31" count="2" type="stmt"/>
        <line num="34" count="2" type="stmt"/>
        <line num="35" count="8" type="cond" truecount="1" falsecount="1"/>
        <line num="36" count="8" type="stmt"/>
        <line num="37" count="8" type="stmt"/>
        <line num="39" count="8" type="cond" truecount="2" falsecount="0"/>
        <line num="42" count="2" type="stmt"/>
      </file>
      <file name="routes.js" path="/Users/amirelemam/Library/Mobile Documents/com~apple~CloudDocs/Projects/Serverless Bank App/serverless-bank-webapp/services/account-manager/src/routes.js">
        <metrics statements="18" coveredstatements="17" conditionals="4" coveredconditionals="2" methods="1" coveredmethods="1"/>
        <line num="3" count="2" type="stmt"/>
        <line num="4" count="2" type="stmt"/>
        <line num="6" count="2" type="stmt"/>
        <line num="7" count="2" type="stmt"/>
        <line num="8" count="2" type="stmt"/>
        <line num="9" count="2" type="stmt"/>
        <line num="10" count="2" type="stmt"/>
        <line num="12" count="2" type="stmt"/>
        <line num="15" count="2" type="stmt"/>
        <line num="16" count="2" type="stmt"/>
        <line num="19" count="2" type="cond" truecount="1" falsecount="1"/>
        <line num="20" count="2" type="stmt"/>
        <line num="21" count="2" type="stmt"/>
        <line num="22" count="2" type="stmt"/>
        <line num="26" count="2" type="stmt"/>
        <line num="27" count="1" type="cond" truecount="1" falsecount="1"/>
        <line num="28" count="0" type="stmt"/>
        <line num="31" count="2" type="stmt"/>
      </file>
    </package>
    <package name="src.common">
      <metrics statements="31" coveredstatements="24" conditionals="8" coveredconditionals="0" methods="12" coveredmethods="4"/>
      <file name="errors.js" path="/Users/amirelemam/Library/Mobile Documents/com~apple~CloudDocs/Projects/Serverless Bank App/serverless-bank-webapp/services/account-manager/src/common/errors.js">
        <metrics statements="20" coveredstatements="13" conditionals="8" coveredconditionals="0" methods="10" coveredmethods="2"/>
        <line num="1" count="2" type="stmt"/>
        <line num="5" count="3" type="stmt"/>
        <line num="7" count="3" type="stmt"/>
        <line num="8" count="3" type="stmt"/>
        <line num="12" count="2" type="stmt"/>
        <line num="14" count="0" type="stmt"/>
        <line num="16" count="2" type="cond" truecount="0" falsecount="1"/>
        <line num="17" count="0" type="stmt"/>
        <line num="19" count="2" type="stmt"/>
        <line num="21" count="0" type="stmt"/>
        <line num="23" count="2" type="stmt"/>
        <line num="25" count="0" type="stmt"/>
        <line num="27" count="2" type="cond" truecount="0" falsecount="1"/>
        <line num="28" count="0" type="stmt"/>
        <line num="30" count="2" type="cond" truecount="0" falsecount="1"/>
        <line num="31" count="0" type="stmt"/>
        <line num="33" count="2" type="stmt"/>
        <line num="35" count="0" type="stmt"/>
        <line num="37" count="2" type="cond" truecount="0" falsecount="1"/>
        <line num="38" count="3" type="stmt"/>
      </file>
      <file name="logger.js" path="/Users/amirelemam/Library/Mobile Documents/com~apple~CloudDocs/Projects/Serverless Bank App/serverless-bank-webapp/services/account-manager/src/common/logger.js">
        <metrics statements="8" coveredstatements="8" conditionals="0" coveredconditionals="0" methods="2" coveredmethods="2"/>
        <line num="1" count="2" type="stmt"/>
        <line num="3" count="2" type="stmt"/>
        <line num="18" count="2" type="stmt"/>
        <line num="20" count="2" type="stmt"/>
        <line num="29" count="9" type="stmt"/>
        <line num="37" count="2" type="stmt"/>
        <line num="38" count="2" type="stmt"/>
        <line num="40" count="39" type="stmt"/>
      </file>
      <file name="sentry.js" path="/Users/amirelemam/Library/Mobile Documents/com~apple~CloudDocs/Projects/Serverless Bank App/serverless-bank-webapp/services/account-manager/src/common/sentry.js">
        <metrics statements="3" coveredstatements="3" conditionals="0" coveredconditionals="0" methods="0" coveredmethods="0"/>
        <line num="1" count="2" type="stmt"/>
        <line num="3" count="2" type="stmt"/>
        <line num="7" count="2" type="stmt"/>
      </file>
    </package>
    <package name="src.components.accounts">
      <metrics statements="10" coveredstatements="9" conditionals="0" coveredconditionals="0" methods="2" coveredmethods="2"/>
      <file name="queries.js" path="/Users/amirelemam/Library/Mobile Documents/com~apple~CloudDocs/Projects/Serverless Bank App/serverless-bank-webapp/services/account-manager/src/components/accounts/queries.js">
        <metrics statements="6" coveredstatements="5" conditionals="0" coveredconditionals="0" methods="1" coveredmethods="1"/>
        <line num="3" count="2" type="stmt"/>
        <line num="5" count="2" type="stmt"/>
        <line num="6" count="7" type="stmt"/>
        <line num="7" count="7" type="stmt"/>
        <line num="16" count="0" type="stmt"/>
        <line num="20" count="2" type="stmt"/>
      </file>
      <file name="services.js" path="/Users/amirelemam/Library/Mobile Documents/com~apple~CloudDocs/Projects/Serverless Bank App/serverless-bank-webapp/services/account-manager/src/components/accounts/services.js">
        <metrics statements="4" coveredstatements="4" conditionals="0" coveredconditionals="0" methods="1" coveredmethods="1"/>
        <line num="3" count="2" type="stmt"/>
        <line num="5" count="2" type="stmt"/>
        <line num="6" count="7" type="stmt"/>
        <line num="9" count="2" type="stmt"/>
      </file>
    </package>
    <package name="src.components.balances">
      <metrics statements="80" coveredstatements="67" conditionals="14" coveredconditionals="14" methods="11" coveredmethods="6"/>
      <file name="controller.js" path="/Users/amirelemam/Library/Mobile Documents/com~apple~CloudDocs/Projects/Serverless Bank App/serverless-bank-webapp/services/account-manager/src/components/balances/controller.js">
        <metrics statements="8" coveredstatements="6" conditionals="0" coveredconditionals="0" methods="3" coveredmethods="1"/>
        <line num="3" count="2" type="stmt"/>
        <line num="5" count="2" type="stmt"/>
        <line num="6" count="9" type="stmt"/>
        <line num="9" count="2" type="stmt"/>
        <line num="10" count="0" type="stmt"/>
        <line num="13" count="2" type="stmt"/>
        <line num="14" count="0" type="stmt"/>
        <line num="17" count="2" type="stmt"/>
      </file>
      <file name="queries.js" path="/Users/amirelemam/Library/Mobile Documents/com~apple~CloudDocs/Projects/Serverless Bank App/serverless-bank-webapp/services/account-manager/src/components/balances/queries.js">
        <metrics statements="6" coveredstatements="6" conditionals="0" coveredconditionals="0" methods="2" coveredmethods="2"/>
        <line num="3" count="2" type="stmt"/>
        <line num="5" count="2" type="stmt"/>
        <line num="6" count="1" type="stmt"/>
        <line num="13" count="2" type="stmt"/>
        <line num="14" count="3" type="stmt"/>
        <line num="22" count="2" type="stmt"/>
      </file>
      <file name="routes.js" path="/Users/amirelemam/Library/Mobile Documents/com~apple~CloudDocs/Projects/Serverless Bank App/serverless-bank-webapp/services/account-manager/src/components/balances/routes.js">
        <metrics statements="29" coveredstatements="18" conditionals="4" coveredconditionals="4" methods="3" coveredmethods="1"/>
        <line num="3" count="2" type="stmt"/>
        <line num="4" count="2" type="stmt"/>
        <line num="5" count="2" type="stmt"/>
        <line num="6" count="2" type="stmt"/>
        <line num="8" count="2" type="stmt"/>
        <line num="10" count="2" type="stmt"/>
        <line num="11" count="0" type="stmt"/>
        <line num="12" count="0" type="stmt"/>
        <line num="13" count="0" type="stmt"/>
        <line num="15" count="0" type="stmt"/>
        <line num="17" count="0" type="stmt"/>
        <line num="19" count="0" type="stmt"/>
        <line num="23" count="2" type="stmt"/>
        <line num="24" count="10" type="stmt"/>
        <line num="25" count="10" type="stmt"/>
        <line num="27" count="10" type="stmt"/>
        <line num="29" count="10" type="cond" truecount="2" falsecount="0"/>
        <line num="31" count="9" type="stmt"/>
        <line num="33" count="9" type="stmt"/>
        <line num="40" count="2" type="cond" truecount="2" falsecount="0"/>
        <line num="41" count="1" type="stmt"/>
        <line num="43" count="8" type="stmt"/>
        <line num="47" count="2" type="stmt"/>
        <line num="48" count="0" type="stmt"/>
        <line num="49" count="0" type="stmt"/>
        <line num="51" count="0" type="stmt"/>
        <line num="53" count="0" type="stmt"/>
        <line num="55" count="0" type="stmt"/>
        <line num="59" count="2" type="stmt"/>
      </file>
      <file name="services.js" path="/Users/amirelemam/Library/Mobile Documents/com~apple~CloudDocs/Projects/Serverless Bank App/serverless-bank-webapp/services/account-manager/src/components/balances/services.js">
        <metrics statements="27" coveredstatements="27" conditionals="10" coveredconditionals="10" methods="2" coveredmethods="1"/>
        <line num="3" count="2" type="stmt"/>
        <line num="4" count="2" type="stmt"/>
        <line num="5" count="2" type="stmt"/>
        <line num="6" count="2" type="stmt"/>
        <line num="7" count="2" type="stmt"/>
        <line num="9" count="2" type="stmt"/>
        <line num="10" count="9" type="cond" truecount="2" falsecount="0"/>
        <line num="11" count="2" type="stmt"/>
        <line num="14" count="7" type="stmt"/>
        <line num="19" count="6" type="cond" truecount="2" falsecount="0"/>
        <line num="20" count="2" type="stmt"/>
        <line num="23" count="4" type="stmt"/>
        <line num="25" count="4" type="stmt"/>
        <line num="26" count="4" type="cond" truecount="2" falsecount="0"/>
        <line num="27" count="1" type="stmt"/>
        <line num="33" count="3" type="stmt"/>
        <line num="35" count="3" type="stmt"/>
        <line num="36" count="3" type="cond" truecount="2" falsecount="0"/>
        <line num="37" count="1" type="stmt"/>
        <line num="40" count="2" type="stmt"/>
        <line num="42" count="2" type="stmt"/>
        <line num="44" count="2" type="stmt"/>
        <line num="49" count="2" type="cond" truecount="2" falsecount="0"/>
        <line num="50" count="1" type="stmt"/>
        <line num="56" count="1" type="stmt"/>
        <line num="60" count="2" type="stmt"/>
        <line num="67" count="2" type="stmt"/>
      </file>
      <file name="validation.js" path="/Users/amirelemam/Library/Mobile Documents/com~apple~CloudDocs/Projects/Serverless Bank App/serverless-bank-webapp/services/account-manager/src/components/balances/validation.js">
        <metrics statements="10" coveredstatements="10" conditionals="0" coveredconditionals="0" methods="1" coveredmethods="1"/>
        <line num="1" count="2" type="stmt"/>
        <line num="2" count="2" type="stmt"/>
        <line num="4" count="2" type="stmt"/>
        <line num="5" count="10" type="stmt"/>
        <line num="12" count="10" type="stmt"/>
        <line num="13" count="10" type="stmt"/>
        <line num="14" count="9" type="stmt"/>
        <line num="16" count="1" type="stmt"/>
        <line num="17" count="1" type="stmt"/>
        <line num="21" count="2" type="stmt"/>
      </file>
    </package>
    <package name="src.components.health">
      <metrics statements="15" coveredstatements="15" conditionals="0" coveredconditionals="0" methods="3" coveredmethods="3"/>
      <file name="controller.js" path="/Users/amirelemam/Library/Mobile Documents/com~apple~CloudDocs/Projects/Serverless Bank App/serverless-bank-webapp/services/account-manager/src/components/health/controller.js">
        <metrics statements="4" coveredstatements="4" conditionals="0" coveredconditionals="0" methods="1" coveredmethods="1"/>
        <line num="3" count="2" type="stmt"/>
        <line num="5" count="2" type="stmt"/>
        <line num="6" count="1" type="stmt"/>
        <line num="9" count="2" type="stmt"/>
      </file>
      <file name="routes.js" path="/Users/amirelemam/Library/Mobile Documents/com~apple~CloudDocs/Projects/Serverless Bank App/serverless-bank-webapp/services/account-manager/src/components/health/routes.js">
        <metrics statements="7" coveredstatements="7" conditionals="0" coveredconditionals="0" methods="1" coveredmethods="1"/>
        <line num="3" count="2" type="stmt"/>
        <line num="4" count="2" type="stmt"/>
        <line num="6" count="2" type="stmt"/>
        <line num="8" count="2" type="stmt"/>
        <line num="9" count="1" type="stmt"/>
        <line num="11" count="1" type="stmt"/>
        <line num="14" count="2" type="stmt"/>
      </file>
      <file name="services.js" path="/Users/amirelemam/Library/Mobile Documents/com~apple~CloudDocs/Projects/Serverless Bank App/serverless-bank-webapp/services/account-manager/src/components/health/services.js">
        <metrics statements="4" coveredstatements="4" conditionals="0" coveredconditionals="0" methods="1" coveredmethods="1"/>
        <line num="3" count="2" type="stmt"/>
        <line num="5" count="2" type="stmt"/>
        <line num="6" count="1" type="stmt"/>
        <line num="12" count="2" type="stmt"/>
      </file>
    </package>
    <package name="src.db">
      <metrics statements="5" coveredstatements="5" conditionals="4" coveredconditionals="3" methods="0" coveredmethods="0"/>
      <file name="index.js" path="/Users/amirelemam/Library/Mobile Documents/com~apple~CloudDocs/Projects/Serverless Bank App/serverless-bank-webapp/services/account-manager/src/db/index.js">
        <metrics statements="5" coveredstatements="5" conditionals="4" coveredconditionals="3" methods="0" coveredmethods="0"/>
        <line num="3" count="2" type="stmt"/>
        <line num="9" count="2" type="cond" truecount="1" falsecount="1"/>
        <line num="10" count="2" type="stmt"/>
        <line num="13" count="2" type="stmt"/>
        <line num="20" count="2" type="stmt"/>
      </file>
    </package>
    <package name="src.db.createTables">
      <metrics statements="58" coveredstatements="57" conditionals="0" coveredconditionals="0" methods="10" coveredmethods="10"/>
      <file name="controller.js" path="/Users/amirelemam/Library/Mobile Documents/com~apple~CloudDocs/Projects/Serverless Bank App/serverless-bank-webapp/services/account-manager/src/db/createTables/controller.js">
        <metrics statements="6" coveredstatements="6" conditionals="0" coveredconditionals="0" methods="1" coveredmethods="1"/>
        <line num="3" count="2" type="stmt"/>
        <line num="5" count="2" type="stmt"/>
        <line num="6" count="9" type="stmt"/>
        <line num="7" count="9" type="stmt"/>
        <line num="8" count="9" type="stmt"/>
        <line num="9" count="9" type="stmt"/>
      </file>
      <file name="queries.js" path="/Users/amirelemam/Library/Mobile Documents/com~apple~CloudDocs/Projects/Serverless Bank App/serverless-bank-webapp/services/account-manager/src/db/createTables/queries.js">
        <metrics statements="43" coveredstatements="43" conditionals="0" coveredconditionals="0" methods="8" coveredmethods="8"/>
        <line num="3" count="2" type="stmt"/>
        <line num="5" count="2" type="stmt"/>
        <line num="6" count="9" type="stmt"/>
        <line num="9" count="2" type="stmt"/>
        <line num="10" count="27" type="stmt"/>
        <line num="18" count="27" type="stmt"/>
        <line num="24" count="2" type="stmt"/>
        <line num="25" count="9" type="stmt"/>
        <line num="27" count="9" type="stmt"/>
        <line num="28" count="9" type="stmt"/>
        <line num="33" count="9" type="stmt"/>
        <line num="34" count="9" type="stmt"/>
        <line num="35" count="9" type="stmt"/>
        <line num="36" count="9" type="stmt"/>
        <line num="37" count="9" type="stmt"/>
        <line num="38" count="9" type="stmt"/>
        <line num="41" count="9" type="stmt"/>
        <line num="44" count="2" type="stmt"/>
        <line num="45" count="9" type="stmt"/>
        <line num="47" count="9" type="stmt"/>
        <line num="48" count="9" type="stmt"/>
        <line num="53" count="9" type="stmt"/>
        <line num="54" count="9" type="stmt"/>
        <line num="55" count="9" type="stmt"/>
        <line num="56" count="9" type="stmt"/>
        <line num="57" count="9" type="stmt"/>
        <line num="58" count="9" type="stmt"/>
        <line num="59" count="9" type="stmt"/>
        <line num="66" count="9" type="stmt"/>
        <line num="69" count="2" type="stmt"/>
        <line num="70" count="9" type="stmt"/>
        <line num="72" count="9" type="stmt"/>
        <line num="73" count="9" type="stmt"/>
        <line num="78" count="9" type="stmt"/>
        <line num="79" count="9" type="stmt"/>
        <line num="80" count="9" type="stmt"/>
        <line num="81" count="9" type="stmt"/>
        <line num="82" count="9" type="stmt"/>
        <line num="83" count="9" type="stmt"/>
        <line num="84" count="9" type="stmt"/>
        <line num="85" count="9" type="stmt"/>
        <line num="92" count="9" type="stmt"/>
        <line num="95" count="2" type="stmt"/>
      </file>
      <file name="routes.js" path="/Users/amirelemam/Library/Mobile Documents/com~apple~CloudDocs/Projects/Serverless Bank App/serverless-bank-webapp/services/account-manager/src/db/createTables/routes.js">
        <metrics statements="9" coveredstatements="8" conditionals="0" coveredconditionals="0" methods="1" coveredmethods="1"/>
        <line num="3" count="2" type="stmt"/>
        <line num="5" count="2" type="stmt"/>
        <line num="7" count="2" type="stmt"/>
        <line num="9" count="2" type="stmt"/>
        <line num="10" count="9" type="stmt"/>
        <line num="11" count="9" type="stmt"/>
        <line num="12" count="9" type="stmt"/>
        <line num="14" count="0" type="stmt"/>
        <line num="18" count="2" type="stmt"/>
      </file>
    </package>
    <package name="src.db.dropTables">
      <metrics statements="21" coveredstatements="20" conditionals="0" coveredconditionals="0" methods="5" coveredmethods="5"/>
      <file name="controller.js" path="/Users/amirelemam/Library/Mobile Documents/com~apple~CloudDocs/Projects/Serverless Bank App/serverless-bank-webapp/services/account-manager/src/db/dropTables/controller.js">
        <metrics statements="5" coveredstatements="5" conditionals="0" coveredconditionals="0" methods="1" coveredmethods="1"/>
        <line num="3" count="2" type="stmt"/>
        <line num="5" count="2" type="stmt"/>
        <line num="6" count="10" type="stmt"/>
        <line num="7" count="10" type="stmt"/>
        <line num="8" count="10" type="stmt"/>
      </file>
      <file name="queries.js" path="/Users/amirelemam/Library/Mobile Documents/com~apple~CloudDocs/Projects/Serverless Bank App/serverless-bank-webapp/services/account-manager/src/db/dropTables/queries.js">
        <metrics statements="8" coveredstatements="8" conditionals="0" coveredconditionals="0" methods="3" coveredmethods="3"/>
        <line num="3" count="2" type="stmt"/>
        <line num="5" count="2" type="stmt"/>
        <line num="6" count="10" type="stmt"/>
        <line num="9" count="2" type="stmt"/>
        <line num="10" count="10" type="stmt"/>
        <line num="13" count="2" type="stmt"/>
        <line num="14" count="10" type="stmt"/>
        <line num="17" count="2" type="stmt"/>
      </file>
      <file name="routes.js" path="/Users/amirelemam/Library/Mobile Documents/com~apple~CloudDocs/Projects/Serverless Bank App/serverless-bank-webapp/services/account-manager/src/db/dropTables/routes.js">
        <metrics statements="8" coveredstatements="7" conditionals="0" coveredconditionals="0" methods="1" coveredmethods="1"/>
        <line num="3" count="2" type="stmt"/>
        <line num="5" count="2" type="stmt"/>
        <line num="7" count="2" type="stmt"/>
        <line num="8" count="10" type="stmt"/>
        <line num="9" count="10" type="stmt"/>
        <line num="10" count="10" type="stmt"/>
        <line num="12" count="0" type="stmt"/>
        <line num="16" count="2" type="stmt"/>
      </file>
    </package>
    <package name="src.db.populateTables">
      <metrics statements="33" coveredstatements="23" conditionals="0" coveredconditionals="0" methods="7" coveredmethods="5"/>
      <file name="queries.js" path="/Users/amirelemam/Library/Mobile Documents/com~apple~CloudDocs/Projects/Serverless Bank App/serverless-bank-webapp/services/account-manager/src/db/populateTables/queries.js">
        <metrics statements="8" coveredstatements="8" conditionals="0" coveredconditionals="0" methods="3" coveredmethods="3"/>
        <line num="3" count="2" type="stmt"/>
        <line num="5" count="2" type="stmt"/>
        <line num="6" count="8" type="stmt"/>
        <line num="17" count="2" type="stmt"/>
        <line num="18" count="7" type="stmt"/>
        <line num="29" count="2" type="stmt"/>
        <line num="30" count="7" type="stmt"/>
        <line num="42" count="2" type="stmt"/>
      </file>
      <file name="routes.js" path="/Users/amirelemam/Library/Mobile Documents/com~apple~CloudDocs/Projects/Serverless Bank App/serverless-bank-webapp/services/account-manager/src/db/populateTables/routes.js">
        <metrics statements="25" coveredstatements="15" conditionals="0" coveredconditionals="0" methods="4" coveredmethods="2"/>
        <line num="3" count="2" type="stmt"/>
        <line num="5" count="2" type="stmt"/>
        <line num="7" count="2" type="stmt"/>
        <line num="8" count="7" type="stmt"/>
        <line num="9" count="7" type="stmt"/>
        <line num="10" count="7" type="stmt"/>
        <line num="11" count="7" type="stmt"/>
        <line num="13" count="7" type="stmt"/>
        <line num="15" count="0" type="stmt"/>
        <line num="19" count="2" type="stmt"/>
        <line num="20" count="1" type="stmt"/>
        <line num="21" count="1" type="stmt"/>
        <line num="22" count="1" type="stmt"/>
        <line num="24" count="0" type="stmt"/>
        <line num="28" count="2" type="stmt"/>
        <line num="29" count="0" type="stmt"/>
        <line num="30" count="0" type="stmt"/>
        <line num="31" count="0" type="stmt"/>
        <line num="33" count="0" type="stmt"/>
        <line num="37" count="2" type="stmt"/>
        <line num="38" count="0" type="stmt"/>
        <line num="39" count="0" type="stmt"/>
        <line num="40" count="0" type="stmt"/>
        <line num="42" count="0" type="stmt"/>
        <line num="46" count="2" type="stmt"/>
      </file>
    </package>
  </project>
</coverage>
