{"/Users/amirelemam/Library/Mobile Documents/com~apple~CloudDocs/Projects/Serverless Bank App/serverless-bank-webapp/services/account-manager/src/app.js": {"path":"/Users/amirelemam/Library/Mobile Documents/com~apple~CloudDocs/Projects/Serverless Bank App/serverless-bank-webapp/services/account-manager/src/app.js","statementMap":{"0":{"start":{"line":3,"column":16},"end":{"line":3,"column":34}},"1":{"start":{"line":4,"column":19},"end":{"line":4,"column":41}},"2":{"start":{"line":5,"column":15},"end":{"line":5,"column":32}},"3":{"start":{"line":6,"column":13},"end":{"line":6,"column":28}},"4":{"start":{"line":7,"column":17},"end":{"line":7,"column":36}},"5":{"start":{"line":8,"column":15},"end":{"line":8,"column":32}},"6":{"start":{"line":9,"column":15},"end":{"line":9,"column":41}},"7":{"start":{"line":11,"column":15},"end":{"line":11,"column":41}},"8":{"start":{"line":12,"column":15},"end":{"line":12,"column":34}},"9":{"start":{"line":13,"column":0},"end":{"line":13,"column":16}},"10":{"start":{"line":15,"column":12},"end":{"line":15,"column":21}},"11":{"start":{"line":17,"column":0},"end":{"line":17,"column":52}},"12":{"start":{"line":18,"column":0},"end":{"line":18,"column":27}},"13":{"start":{"line":19,"column":0},"end":{"line":19,"column":18}},"14":{"start":{"line":20,"column":0},"end":{"line":20,"column":16}},"15":{"start":{"line":21,"column":0},"end":{"line":21,"column":29}},"16":{"start":{"line":22,"column":0},"end":{"line":22,"column":55}},"17":{"start":{"line":25,"column":0},"end":{"line":29,"column":3}},"18":{"start":{"line":26,"column":2},"end":{"line":26,"column":62}},"19":{"start":{"line":27,"column":2},"end":{"line":27,"column":49}},"20":{"start":{"line":28,"column":2},"end":{"line":28,"column":16}},"21":{"start":{"line":31,"column":0},"end":{"line":31,"column":27}},"22":{"start":{"line":34,"column":0},"end":{"line":40,"column":3}},"23":{"start":{"line":35,"column":2},"end":{"line":38,"column":3}},"24":{"start":{"line":36,"column":4},"end":{"line":36,"column":28}},"25":{"start":{"line":37,"column":4},"end":{"line":37,"column":39}},"26":{"start":{"line":39,"column":2},"end":{"line":39,"column":61}},"27":{"start":{"line":42,"column":0},"end":{"line":42,"column":21}}},"fnMap":{"0":{"name":"(anonymous_0)","decl":{"start":{"line":25,"column":8},"end":{"line":25,"column":9}},"loc":{"start":{"line":25,"column":28},"end":{"line":29,"column":1}},"line":25},"1":{"name":"(anonymous_1)","decl":{"start":{"line":34,"column":8},"end":{"line":34,"column":9}},"loc":{"start":{"line":34,"column":33},"end":{"line":40,"column":1}},"line":34}},"branchMap":{"0":{"loc":{"start":{"line":35,"column":2},"end":{"line":38,"column":3}},"type":"if","locations":[{"start":{"line":35,"column":2},"end":{"line":38,"column":3}},{"start":{"line":35,"column":2},"end":{"line":38,"column":3}}],"line":35},"1":{"loc":{"start":{"line":39,"column":13},"end":{"line":39,"column":30}},"type":"binary-expr","locations":[{"start":{"line":39,"column":13},"end":{"line":39,"column":23}},{"start":{"line":39,"column":27},"end":{"line":39,"column":30}}],"line":39}},"s":{"0":2,"1":2,"2":2,"3":2,"4":2,"5":2,"6":2,"7":2,"8":2,"9":2,"10":2,"11":2,"12":2,"13":2,"14":2,"15":2,"16":2,"17":2,"18":39,"19":39,"20":39,"21":2,"22":2,"23":8,"24":8,"25":8,"26":8,"27":2},"f":{"0":39,"1":8},"b":{"0":[8,0],"1":[8,1]},"_coverageSchema":"1a1c01bbd47fc00a2c39e90264f33305004495a9","hash":"b6d0483c2643cd7f19059de16dd660cf9632e2e9"}
,"/Users/amirelemam/Library/Mobile Documents/com~apple~CloudDocs/Projects/Serverless Bank App/serverless-bank-webapp/services/account-manager/src/routes.js": {"path":"/Users/amirelemam/Library/Mobile Documents/com~apple~CloudDocs/Projects/Serverless Bank App/serverless-bank-webapp/services/account-manager/src/routes.js","statementMap":{"0":{"start":{"line":3,"column":16},"end":{"line":3,"column":34}},"1":{"start":{"line":4,"column":26},"end":{"line":4,"column":56}},"2":{"start":{"line":6,"column":20},"end":{"line":6,"column":57}},"3":{"start":{"line":7,"column":21},"end":{"line":7,"column":56}},"4":{"start":{"line":8,"column":19},"end":{"line":8,"column":52}},"5":{"start":{"line":9,"column":23},"end":{"line":9,"column":60}},"6":{"start":{"line":10,"column":17},"end":{"line":10,"column":56}},"7":{"start":{"line":12,"column":15},"end":{"line":12,"column":31}},"8":{"start":{"line":15,"column":0},"end":{"line":15,"column":35}},"9":{"start":{"line":16,"column":0},"end":{"line":16,"column":34}},"10":{"start":{"line":19,"column":0},"end":{"line":23,"column":1}},"11":{"start":{"line":20,"column":2},"end":{"line":20,"column":45}},"12":{"start":{"line":21,"column":2},"end":{"line":21,"column":41}},"13":{"start":{"line":22,"column":2},"end":{"line":22,"column":49}},"14":{"start":{"line":26,"column":0},"end":{"line":29,"column":3}},"15":{"start":{"line":27,"column":2},"end":{"line":27,"column":37}},"16":{"start":{"line":27,"column":23},"end":{"line":27,"column":37}},"17":{"start":{"line":28,"column":2},"end":{"line":28,"column":24}},"18":{"start":{"line":31,"column":0},"end":{"line":31,"column":24}}},"fnMap":{"0":{"name":"(anonymous_0)","decl":{"start":{"line":26,"column":16},"end":{"line":26,"column":17}},"loc":{"start":{"line":26,"column":36},"end":{"line":29,"column":1}},"line":26}},"branchMap":{"0":{"loc":{"start":{"line":19,"column":0},"end":{"line":23,"column":1}},"type":"if","locations":[{"start":{"line":19,"column":0},"end":{"line":23,"column":1}},{"start":{"line":19,"column":0},"end":{"line":23,"column":1}}],"line":19},"1":{"loc":{"start":{"line":27,"column":2},"end":{"line":27,"column":37}},"type":"if","locations":[{"start":{"line":27,"column":2},"end":{"line":27,"column":37}},{"start":{"line":27,"column":2},"end":{"line":27,"column":37}}],"line":27}},"s":{"0":2,"1":2,"2":2,"3":2,"4":2,"5":2,"6":2,"7":2,"8":2,"9":2,"10":2,"11":2,"12":2,"13":2,"14":2,"15":1,"16":1,"17":0,"18":2},"f":{"0":1},"b":{"0":[2,0],"1":[1,0]},"_coverageSchema":"1a1c01bbd47fc00a2c39e90264f33305004495a9","hash":"74a5b5190b31bd2dbf4fbb2949b984a6adaf8c1c"}
,"/Users/amirelemam/Library/Mobile Documents/com~apple~CloudDocs/Projects/Serverless Bank App/serverless-bank-webapp/services/account-manager/src/common/errors.js": {"path":"/Users/amirelemam/Library/Mobile Documents/com~apple~CloudDocs/Projects/Serverless Bank App/serverless-bank-webapp/services/account-manager/src/common/errors.js","statementMap":{"0":{"start":{"line":1,"column":15},"end":{"line":1,"column":34}},"1":{"start":{"line":5,"column":4},"end":{"line":5,"column":15}},"2":{"start":{"line":7,"column":4},"end":{"line":7,"column":48}},"3":{"start":{"line":7,"column":21},"end":{"line":7,"column":47}},"4":{"start":{"line":8,"column":4},"end":{"line":8,"column":25}},"5":{"start":{"line":12,"column":0},"end":{"line":14,"column":32}},"6":{"start":{"line":14,"column":5},"end":{"line":14,"column":31}},"7":{"start":{"line":16,"column":0},"end":{"line":17,"column":29}},"8":{"start":{"line":17,"column":2},"end":{"line":17,"column":28}},"9":{"start":{"line":19,"column":0},"end":{"line":21,"column":32}},"10":{"start":{"line":21,"column":5},"end":{"line":21,"column":31}},"11":{"start":{"line":23,"column":0},"end":{"line":25,"column":32}},"12":{"start":{"line":25,"column":5},"end":{"line":25,"column":31}},"13":{"start":{"line":27,"column":0},"end":{"line":28,"column":29}},"14":{"start":{"line":28,"column":2},"end":{"line":28,"column":28}},"15":{"start":{"line":30,"column":0},"end":{"line":31,"column":29}},"16":{"start":{"line":31,"column":2},"end":{"line":31,"column":28}},"17":{"start":{"line":33,"column":0},"end":{"line":35,"column":32}},"18":{"start":{"line":35,"column":5},"end":{"line":35,"column":31}},"19":{"start":{"line":37,"column":0},"end":{"line":38,"column":29}},"20":{"start":{"line":38,"column":2},"end":{"line":38,"column":28}}},"fnMap":{"0":{"name":"(anonymous_0)","decl":{"start":{"line":4,"column":2},"end":{"line":4,"column":3}},"loc":{"start":{"line":4,"column":27},"end":{"line":9,"column":3}},"line":4},"1":{"name":"(anonymous_1)","decl":{"start":{"line":7,"column":15},"end":{"line":7,"column":16}},"loc":{"start":{"line":7,"column":21},"end":{"line":7,"column":47}},"line":7},"2":{"name":"(anonymous_2)","decl":{"start":{"line":12,"column":24},"end":{"line":12,"column":25}},"loc":{"start":{"line":14,"column":5},"end":{"line":14,"column":31}},"line":14},"3":{"name":"(anonymous_3)","decl":{"start":{"line":16,"column":30},"end":{"line":16,"column":31}},"loc":{"start":{"line":17,"column":2},"end":{"line":17,"column":28}},"line":17},"4":{"name":"(anonymous_4)","decl":{"start":{"line":19,"column":26},"end":{"line":19,"column":27}},"loc":{"start":{"line":21,"column":5},"end":{"line":21,"column":31}},"line":21},"5":{"name":"(anonymous_5)","decl":{"start":{"line":23,"column":24},"end":{"line":23,"column":25}},"loc":{"start":{"line":25,"column":5},"end":{"line":25,"column":31}},"line":25},"6":{"name":"(anonymous_6)","decl":{"start":{"line":27,"column":28},"end":{"line":27,"column":29}},"loc":{"start":{"line":28,"column":2},"end":{"line":28,"column":28}},"line":28},"7":{"name":"(anonymous_7)","decl":{"start":{"line":30,"column":31},"end":{"line":30,"column":32}},"loc":{"start":{"line":31,"column":2},"end":{"line":31,"column":28}},"line":31},"8":{"name":"(anonymous_8)","decl":{"start":{"line":33,"column":25},"end":{"line":33,"column":26}},"loc":{"start":{"line":35,"column":5},"end":{"line":35,"column":31}},"line":35},"9":{"name":"(anonymous_9)","decl":{"start":{"line":37,"column":35},"end":{"line":37,"column":36}},"loc":{"start":{"line":38,"column":2},"end":{"line":38,"column":28}},"line":38}},"branchMap":{"0":{"loc":{"start":{"line":13,"column":2},"end":{"line":13,"column":100}},"type":"default-arg","locations":[{"start":{"line":13,"column":8},"end":{"line":13,"column":100}}],"line":13},"1":{"loc":{"start":{"line":16,"column":31},"end":{"line":16,"column":61}},"type":"default-arg","locations":[{"start":{"line":16,"column":37},"end":{"line":16,"column":61}}],"line":16},"2":{"loc":{"start":{"line":20,"column":2},"end":{"line":20,"column":54}},"type":"default-arg","locations":[{"start":{"line":20,"column":8},"end":{"line":20,"column":54}}],"line":20},"3":{"loc":{"start":{"line":24,"column":2},"end":{"line":24,"column":60}},"type":"default-arg","locations":[{"start":{"line":24,"column":8},"end":{"line":24,"column":60}}],"line":24},"4":{"loc":{"start":{"line":27,"column":29},"end":{"line":27,"column":72}},"type":"default-arg","locations":[{"start":{"line":27,"column":35},"end":{"line":27,"column":72}}],"line":27},"5":{"loc":{"start":{"line":30,"column":32},"end":{"line":30,"column":69}},"type":"default-arg","locations":[{"start":{"line":30,"column":38},"end":{"line":30,"column":69}}],"line":30},"6":{"loc":{"start":{"line":34,"column":2},"end":{"line":34,"column":80}},"type":"default-arg","locations":[{"start":{"line":34,"column":8},"end":{"line":34,"column":80}}],"line":34},"7":{"loc":{"start":{"line":37,"column":36},"end":{"line":37,"column":74}},"type":"default-arg","locations":[{"start":{"line":37,"column":42},"end":{"line":37,"column":74}}],"line":37}},"s":{"0":2,"1":3,"2":3,"3":0,"4":3,"5":2,"6":0,"7":2,"8":0,"9":2,"10":0,"11":2,"12":0,"13":2,"14":0,"15":2,"16":0,"17":2,"18":0,"19":2,"20":3},"f":{"0":3,"1":0,"2":0,"3":0,"4":0,"5":0,"6":0,"7":0,"8":0,"9":3},"b":{"0":[0],"1":[0],"2":[0],"3":[0],"4":[0],"5":[0],"6":[0],"7":[0]},"_coverageSchema":"1a1c01bbd47fc00a2c39e90264f33305004495a9","hash":"7dc2bc26f881ca49f1c1b7fef87b6ff5eaefcdaf"}
,"/Users/amirelemam/Library/Mobile Documents/com~apple~CloudDocs/Projects/Serverless Bank App/serverless-bank-webapp/services/account-manager/src/common/logger.js": {"path":"/Users/amirelemam/Library/Mobile Documents/com~apple~CloudDocs/Projects/Serverless Bank App/serverless-bank-webapp/services/account-manager/src/common/logger.js","statementMap":{"0":{"start":{"line":1,"column":16},"end":{"line":1,"column":34}},"1":{"start":{"line":3,"column":21},"end":{"line":16,"column":1}},"2":{"start":{"line":18,"column":0},"end":{"line":18,"column":39}},"3":{"start":{"line":20,"column":15},"end":{"line":35,"column":2}},"4":{"start":{"line":29,"column":20},"end":{"line":29,"column":70}},"5":{"start":{"line":37,"column":0},"end":{"line":37,"column":24}},"6":{"start":{"line":38,"column":0},"end":{"line":42,"column":2}},"7":{"start":{"line":40,"column":4},"end":{"line":40,"column":25}}},"fnMap":{"0":{"name":"(anonymous_0)","decl":{"start":{"line":29,"column":10},"end":{"line":29,"column":11}},"loc":{"start":{"line":29,"column":20},"end":{"line":29,"column":70}},"line":29},"1":{"name":"(anonymous_1)","decl":{"start":{"line":39,"column":9},"end":{"line":39,"column":10}},"loc":{"start":{"line":39,"column":38},"end":{"line":41,"column":3}},"line":39}},"branchMap":{},"s":{"0":2,"1":2,"2":2,"3":2,"4":9,"5":2,"6":2,"7":39},"f":{"0":9,"1":39},"b":{},"_coverageSchema":"1a1c01bbd47fc00a2c39e90264f33305004495a9","hash":"23bf832730c722875af5913cda9c27f98e876e55"}
,"/Users/amirelemam/Library/Mobile Documents/com~apple~CloudDocs/Projects/Serverless Bank App/serverless-bank-webapp/services/account-manager/src/common/sentry.js": {"path":"/Users/amirelemam/Library/Mobile Documents/com~apple~CloudDocs/Projects/Serverless Bank App/serverless-bank-webapp/services/account-manager/src/common/sentry.js","statementMap":{"0":{"start":{"line":1,"column":15},"end":{"line":1,"column":38}},"1":{"start":{"line":3,"column":0},"end":{"line":5,"column":3}},"2":{"start":{"line":7,"column":0},"end":{"line":7,"column":24}}},"fnMap":{},"branchMap":{},"s":{"0":2,"1":2,"2":2},"f":{},"b":{},"_coverageSchema":"1a1c01bbd47fc00a2c39e90264f33305004495a9","hash":"80d13c1eb75d91809b930d91694661222f1fc1c7"}
,"/Users/amirelemam/Library/Mobile Documents/com~apple~CloudDocs/Projects/Serverless Bank App/serverless-bank-webapp/services/account-manager/src/components/accounts/queries.js": {"path":"/Users/amirelemam/Library/Mobile Documents/com~apple~CloudDocs/Projects/Serverless Bank App/serverless-bank-webapp/services/account-manager/src/components/accounts/queries.js","statementMap":{"0":{"start":{"line":3,"column":13},"end":{"line":3,"column":32}},"1":{"start":{"line":5,"column":19},"end":{"line":18,"column":1}},"2":{"start":{"line":6,"column":2},"end":{"line":17,"column":3}},"3":{"start":{"line":7,"column":4},"end":{"line":14,"column":15}},"4":{"start":{"line":16,"column":4},"end":{"line":16,"column":17}},"5":{"start":{"line":20,"column":0},"end":{"line":22,"column":2}}},"fnMap":{"0":{"name":"(anonymous_0)","decl":{"start":{"line":5,"column":19},"end":{"line":5,"column":20}},"loc":{"start":{"line":5,"column":54},"end":{"line":18,"column":1}},"line":5}},"branchMap":{},"s":{"0":2,"1":2,"2":7,"3":7,"4":0,"5":2},"f":{"0":7},"b":{},"_coverageSchema":"1a1c01bbd47fc00a2c39e90264f33305004495a9","hash":"f264fc7a53b84dd9d0b61c133dad7be07d842ce1"}
,"/Users/amirelemam/Library/Mobile Documents/com~apple~CloudDocs/Projects/Serverless Bank App/serverless-bank-webapp/services/account-manager/src/components/accounts/services.js": {"path":"/Users/amirelemam/Library/Mobile Documents/com~apple~CloudDocs/Projects/Serverless Bank App/serverless-bank-webapp/services/account-manager/src/components/accounts/services.js","statementMap":{"0":{"start":{"line":3,"column":16},"end":{"line":3,"column":36}},"1":{"start":{"line":5,"column":19},"end":{"line":7,"column":1}},"2":{"start":{"line":6,"column":2},"end":{"line":6,"column":59}},"3":{"start":{"line":9,"column":0},"end":{"line":11,"column":2}}},"fnMap":{"0":{"name":"(anonymous_0)","decl":{"start":{"line":5,"column":19},"end":{"line":5,"column":20}},"loc":{"start":{"line":5,"column":54},"end":{"line":7,"column":1}},"line":5}},"branchMap":{},"s":{"0":2,"1":2,"2":7,"3":2},"f":{"0":7},"b":{},"_coverageSchema":"1a1c01bbd47fc00a2c39e90264f33305004495a9","hash":"89d42ca11a0185b8a2112f41f18ab12d7c1a4b06"}
,"/Users/amirelemam/Library/Mobile Documents/com~apple~CloudDocs/Projects/Serverless Bank App/serverless-bank-webapp/services/account-manager/src/components/balances/controller.js": {"path":"/Users/amirelemam/Library/Mobile Documents/com~apple~CloudDocs/Projects/Serverless Bank App/serverless-bank-webapp/services/account-manager/src/components/balances/controller.js","statementMap":{"0":{"start":{"line":3,"column":17},"end":{"line":3,"column":38}},"1":{"start":{"line":5,"column":16},"end":{"line":7,"column":1}},"2":{"start":{"line":6,"column":2},"end":{"line":6,"column":66}},"3":{"start":{"line":9,"column":18},"end":{"line":11,"column":1}},"4":{"start":{"line":10,"column":2},"end":{"line":10,"column":68}},"5":{"start":{"line":13,"column":19},"end":{"line":15,"column":1}},"6":{"start":{"line":14,"column":2},"end":{"line":14,"column":60}},"7":{"start":{"line":17,"column":0},"end":{"line":21,"column":2}}},"fnMap":{"0":{"name":"(anonymous_0)","decl":{"start":{"line":5,"column":16},"end":{"line":5,"column":17}},"loc":{"start":{"line":5,"column":60},"end":{"line":7,"column":1}},"line":5},"1":{"name":"(anonymous_1)","decl":{"start":{"line":9,"column":18},"end":{"line":9,"column":19}},"loc":{"start":{"line":9,"column":68},"end":{"line":11,"column":1}},"line":9},"2":{"name":"(anonymous_2)","decl":{"start":{"line":13,"column":19},"end":{"line":13,"column":20}},"loc":{"start":{"line":13,"column":60},"end":{"line":15,"column":1}},"line":13}},"branchMap":{},"s":{"0":2,"1":2,"2":9,"3":2,"4":0,"5":2,"6":0,"7":2},"f":{"0":9,"1":0,"2":0},"b":{},"_coverageSchema":"1a1c01bbd47fc00a2c39e90264f33305004495a9","hash":"434baea1c1d2c09f4d59026d9260d52311e8fbd0"}
,"/Users/amirelemam/Library/Mobile Documents/com~apple~CloudDocs/Projects/Serverless Bank App/serverless-bank-webapp/services/account-manager/src/components/balances/queries.js": {"path":"/Users/amirelemam/Library/Mobile Documents/com~apple~CloudDocs/Projects/Serverless Bank App/serverless-bank-webapp/services/account-manager/src/components/balances/queries.js","statementMap":{"0":{"start":{"line":3,"column":13},"end":{"line":3,"column":32}},"1":{"start":{"line":5,"column":15},"end":{"line":11,"column":1}},"2":{"start":{"line":6,"column":2},"end":{"line":10,"column":52}},"3":{"start":{"line":13,"column":19},"end":{"line":20,"column":1}},"4":{"start":{"line":14,"column":2},"end":{"line":19,"column":13}},"5":{"start":{"line":22,"column":0},"end":{"line":26,"column":2}}},"fnMap":{"0":{"name":"(anonymous_0)","decl":{"start":{"line":5,"column":15},"end":{"line":5,"column":16}},"loc":{"start":{"line":5,"column":44},"end":{"line":11,"column":1}},"line":5},"1":{"name":"(anonymous_1)","decl":{"start":{"line":13,"column":19},"end":{"line":13,"column":20}},"loc":{"start":{"line":13,"column":34},"end":{"line":20,"column":1}},"line":13}},"branchMap":{},"s":{"0":2,"1":2,"2":1,"3":2,"4":3,"5":2},"f":{"0":1,"1":3},"b":{},"_coverageSchema":"1a1c01bbd47fc00a2c39e90264f33305004495a9","hash":"7470fa1476a790168ea8f9a7141ea9cf589d8ccd"}
,"/Users/amirelemam/Library/Mobile Documents/com~apple~CloudDocs/Projects/Serverless Bank App/serverless-bank-webapp/services/account-manager/src/components/balances/routes.js": {"path":"/Users/amirelemam/Library/Mobile Documents/com~apple~CloudDocs/Projects/Serverless Bank App/serverless-bank-webapp/services/account-manager/src/components/balances/routes.js","statementMap":{"0":{"start":{"line":3,"column":15},"end":{"line":3,"column":42}},"1":{"start":{"line":4,"column":15},"end":{"line":4,"column":45}},"2":{"start":{"line":5,"column":19},"end":{"line":5,"column":42}},"3":{"start":{"line":6,"column":28},"end":{"line":6,"column":64}},"4":{"start":{"line":8,"column":19},"end":{"line":8,"column":42}},"5":{"start":{"line":10,"column":0},"end":{"line":21,"column":3}},"6":{"start":{"line":11,"column":2},"end":{"line":20,"column":3}},"7":{"start":{"line":12,"column":32},"end":{"line":12,"column":42}},"8":{"start":{"line":13,"column":23},"end":{"line":13,"column":31}},"9":{"start":{"line":15,"column":19},"end":{"line":15,"column":69}},"10":{"start":{"line":17,"column":4},"end":{"line":17,"column":40}},"11":{"start":{"line":19,"column":4},"end":{"line":19,"column":21}},"12":{"start":{"line":23,"column":0},"end":{"line":45,"column":3}},"13":{"start":{"line":24,"column":2},"end":{"line":44,"column":3}},"14":{"start":{"line":25,"column":21},"end":{"line":25,"column":24}},"15":{"start":{"line":27,"column":20},"end":{"line":27,"column":50}},"16":{"start":{"line":29,"column":4},"end":{"line":29,"column":42}},"17":{"start":{"line":29,"column":18},"end":{"line":29,"column":42}},"18":{"start":{"line":31,"column":51},"end":{"line":31,"column":55}},"19":{"start":{"line":33,"column":19},"end":{"line":38,"column":6}},"20":{"start":{"line":40,"column":4},"end":{"line":40,"column":52}},"21":{"start":{"line":40,"column":16},"end":{"line":40,"column":52}},"22":{"start":{"line":41,"column":4},"end":{"line":41,"column":34}},"23":{"start":{"line":43,"column":4},"end":{"line":43,"column":21}},"24":{"start":{"line":47,"column":0},"end":{"line":57,"column":3}},"25":{"start":{"line":48,"column":2},"end":{"line":56,"column":3}},"26":{"start":{"line":49,"column":49},"end":{"line":49,"column":57}},"27":{"start":{"line":51,"column":19},"end":{"line":51,"column":77}},"28":{"start":{"line":53,"column":4},"end":{"line":53,"column":40}},"29":{"start":{"line":55,"column":4},"end":{"line":55,"column":21}},"30":{"start":{"line":59,"column":0},"end":{"line":59,"column":24}}},"fnMap":{"0":{"name":"(anonymous_0)","decl":{"start":{"line":10,"column":48},"end":{"line":10,"column":49}},"loc":{"start":{"line":10,"column":74},"end":{"line":21,"column":1}},"line":10},"1":{"name":"(anonymous_1)","decl":{"start":{"line":23,"column":24},"end":{"line":23,"column":25}},"loc":{"start":{"line":23,"column":50},"end":{"line":45,"column":1}},"line":23},"2":{"name":"(anonymous_2)","decl":{"start":{"line":47,"column":26},"end":{"line":47,"column":27}},"loc":{"start":{"line":47,"column":52},"end":{"line":57,"column":1}},"line":47}},"branchMap":{"0":{"loc":{"start":{"line":29,"column":4},"end":{"line":29,"column":42}},"type":"if","locations":[{"start":{"line":29,"column":4},"end":{"line":29,"column":42}},{"start":{"line":29,"column":4},"end":{"line":29,"column":42}}],"line":29},"1":{"loc":{"start":{"line":40,"column":4},"end":{"line":40,"column":52}},"type":"if","locations":[{"start":{"line":40,"column":4},"end":{"line":40,"column":52}},{"start":{"line":40,"column":4},"end":{"line":40,"column":52}}],"line":40}},"s":{"0":2,"1":2,"2":2,"3":2,"4":2,"5":2,"6":0,"7":0,"8":0,"9":0,"10":0,"11":0,"12":2,"13":10,"14":10,"15":10,"16":10,"17":1,"18":9,"19":9,"20":2,"21":1,"22":1,"23":8,"24":2,"25":0,"26":0,"27":0,"28":0,"29":0,"30":2},"f":{"0":0,"1":10,"2":0},"b":{"0":[1,9],"1":[1,1]},"_coverageSchema":"1a1c01bbd47fc00a2c39e90264f33305004495a9","hash":"934c0e51471c6dc25886f7ff1ef513a8b2d4ea0a"}
,"/Users/amirelemam/Library/Mobile Documents/com~apple~CloudDocs/Projects/Serverless Bank App/serverless-bank-webapp/services/account-manager/src/components/balances/services.js": {"path":"/Users/amirelemam/Library/Mobile Documents/com~apple~CloudDocs/Projects/Serverless Bank App/serverless-bank-webapp/services/account-manager/src/components/balances/services.js","statementMap":{"0":{"start":{"line":3,"column":16},"end":{"line":3,"column":36}},"1":{"start":{"line":4,"column":23},"end":{"line":4,"column":54}},"2":{"start":{"line":5,"column":15},"end":{"line":5,"column":45}},"3":{"start":{"line":6,"column":37},"end":{"line":6,"column":67}},"4":{"start":{"line":7,"column":26},"end":{"line":7,"column":62}},"5":{"start":{"line":9,"column":16},"end":{"line":58,"column":1}},"6":{"start":{"line":10,"column":2},"end":{"line":12,"column":3}},"7":{"start":{"line":11,"column":4},"end":{"line":11,"column":72}},"8":{"start":{"line":14,"column":24},"end":{"line":18,"column":4}},"9":{"start":{"line":19,"column":2},"end":{"line":21,"column":3}},"10":{"start":{"line":20,"column":4},"end":{"line":20,"column":79}},"11":{"start":{"line":23,"column":28},"end":{"line":23,"column":41}},"12":{"start":{"line":25,"column":25},"end":{"line":25,"column":60}},"13":{"start":{"line":26,"column":2},"end":{"line":28,"column":3}},"14":{"start":{"line":27,"column":4},"end":{"line":27,"column":60}},"15":{"start":{"line":33,"column":6},"end":{"line":33,"column":20}},"16":{"start":{"line":35,"column":31},"end":{"line":35,"column":65}},"17":{"start":{"line":36,"column":2},"end":{"line":38,"column":3}},"18":{"start":{"line":37,"column":4},"end":{"line":37,"column":70}},"19":{"start":{"line":40,"column":29},"end":{"line":40,"column":61}},"20":{"start":{"line":42,"column":2},"end":{"line":42,"column":39}},"21":{"start":{"line":44,"column":26},"end":{"line":47,"column":3}},"22":{"start":{"line":49,"column":2},"end":{"line":57,"column":3}},"23":{"start":{"line":50,"column":4},"end":{"line":54,"column":6}},"24":{"start":{"line":56,"column":4},"end":{"line":56,"column":16}},"25":{"start":{"line":60,"column":18},"end":{"line":65,"column":1}},"26":{"start":{"line":67,"column":0},"end":{"line":70,"column":2}}},"fnMap":{"0":{"name":"(anonymous_0)","decl":{"start":{"line":9,"column":16},"end":{"line":9,"column":17}},"loc":{"start":{"line":9,"column":66},"end":{"line":58,"column":1}},"line":9},"1":{"name":"(anonymous_1)","decl":{"start":{"line":60,"column":18},"end":{"line":60,"column":19}},"loc":{"start":{"line":60,"column":51},"end":{"line":65,"column":1}},"line":60}},"branchMap":{"0":{"loc":{"start":{"line":10,"column":2},"end":{"line":12,"column":3}},"type":"if","locations":[{"start":{"line":10,"column":2},"end":{"line":12,"column":3}},{"start":{"line":10,"column":2},"end":{"line":12,"column":3}}],"line":10},"1":{"loc":{"start":{"line":19,"column":2},"end":{"line":21,"column":3}},"type":"if","locations":[{"start":{"line":19,"column":2},"end":{"line":21,"column":3}},{"start":{"line":19,"column":2},"end":{"line":21,"column":3}}],"line":19},"2":{"loc":{"start":{"line":26,"column":2},"end":{"line":28,"column":3}},"type":"if","locations":[{"start":{"line":26,"column":2},"end":{"line":28,"column":3}},{"start":{"line":26,"column":2},"end":{"line":28,"column":3}}],"line":26},"3":{"loc":{"start":{"line":36,"column":2},"end":{"line":38,"column":3}},"type":"if","locations":[{"start":{"line":36,"column":2},"end":{"line":38,"column":3}},{"start":{"line":36,"column":2},"end":{"line":38,"column":3}}],"line":36},"4":{"loc":{"start":{"line":49,"column":2},"end":{"line":57,"column":3}},"type":"if","locations":[{"start":{"line":49,"column":2},"end":{"line":57,"column":3}},{"start":{"line":49,"column":2},"end":{"line":57,"column":3}}],"line":49}},"s":{"0":2,"1":2,"2":2,"3":2,"4":2,"5":2,"6":9,"7":2,"8":7,"9":6,"10":2,"11":4,"12":4,"13":4,"14":1,"15":3,"16":3,"17":3,"18":1,"19":2,"20":2,"21":2,"22":2,"23":1,"24":1,"25":2,"26":2},"f":{"0":9,"1":0},"b":{"0":[2,7],"1":[2,4],"2":[1,3],"3":[1,2],"4":[1,1]},"_coverageSchema":"1a1c01bbd47fc00a2c39e90264f33305004495a9","hash":"5d2930c6fc1bf2f5ebb85d716a89b7752128bd18"}
,"/Users/amirelemam/Library/Mobile Documents/com~apple~CloudDocs/Projects/Serverless Bank App/serverless-bank-webapp/services/account-manager/src/components/balances/validation.js": {"path":"/Users/amirelemam/Library/Mobile Documents/com~apple~CloudDocs/Projects/Serverless Bank App/serverless-bank-webapp/services/account-manager/src/components/balances/validation.js","statementMap":{"0":{"start":{"line":1,"column":12},"end":{"line":1,"column":32}},"1":{"start":{"line":2,"column":15},"end":{"line":2,"column":45}},"2":{"start":{"line":4,"column":16},"end":{"line":19,"column":1}},"3":{"start":{"line":5,"column":17},"end":{"line":10,"column":4}},"4":{"start":{"line":12,"column":2},"end":{"line":18,"column":3}},"5":{"start":{"line":13,"column":4},"end":{"line":13,"column":37}},"6":{"start":{"line":14,"column":4},"end":{"line":14,"column":16}},"7":{"start":{"line":16,"column":4},"end":{"line":16,"column":24}},"8":{"start":{"line":17,"column":4},"end":{"line":17,"column":17}},"9":{"start":{"line":21,"column":0},"end":{"line":23,"column":2}}},"fnMap":{"0":{"name":"(anonymous_0)","decl":{"start":{"line":4,"column":16},"end":{"line":4,"column":17}},"loc":{"start":{"line":4,"column":32},"end":{"line":19,"column":1}},"line":4}},"branchMap":{},"s":{"0":2,"1":2,"2":2,"3":10,"4":10,"5":10,"6":9,"7":1,"8":1,"9":2},"f":{"0":10},"b":{},"_coverageSchema":"1a1c01bbd47fc00a2c39e90264f33305004495a9","hash":"3b17104137f072f5c506f6ad671b0d3bcd5ee745"}
,"/Users/amirelemam/Library/Mobile Documents/com~apple~CloudDocs/Projects/Serverless Bank App/serverless-bank-webapp/services/account-manager/src/components/health/controller.js": {"path":"/Users/amirelemam/Library/Mobile Documents/com~apple~CloudDocs/Projects/Serverless Bank App/serverless-bank-webapp/services/account-manager/src/components/health/controller.js","statementMap":{"0":{"start":{"line":3,"column":17},"end":{"line":3,"column":38}},"1":{"start":{"line":5,"column":16},"end":{"line":7,"column":1}},"2":{"start":{"line":6,"column":2},"end":{"line":6,"column":28}},"3":{"start":{"line":9,"column":0},"end":{"line":11,"column":2}}},"fnMap":{"0":{"name":"(anonymous_0)","decl":{"start":{"line":5,"column":16},"end":{"line":5,"column":17}},"loc":{"start":{"line":5,"column":22},"end":{"line":7,"column":1}},"line":5}},"branchMap":{},"s":{"0":2,"1":2,"2":1,"3":2},"f":{"0":1},"b":{},"_coverageSchema":"1a1c01bbd47fc00a2c39e90264f33305004495a9","hash":"50d608bab0bbb0aa63a78feb33637287412b3bbd"}
,"/Users/amirelemam/Library/Mobile Documents/com~apple~CloudDocs/Projects/Serverless Bank App/serverless-bank-webapp/services/account-manager/src/components/health/routes.js": {"path":"/Users/amirelemam/Library/Mobile Documents/com~apple~CloudDocs/Projects/Serverless Bank App/serverless-bank-webapp/services/account-manager/src/components/health/routes.js","statementMap":{"0":{"start":{"line":3,"column":15},"end":{"line":3,"column":42}},"1":{"start":{"line":4,"column":15},"end":{"line":4,"column":45}},"2":{"start":{"line":6,"column":19},"end":{"line":6,"column":42}},"3":{"start":{"line":8,"column":0},"end":{"line":12,"column":3}},"4":{"start":{"line":9,"column":14},"end":{"line":9,"column":34}},"5":{"start":{"line":11,"column":2},"end":{"line":11,"column":35}},"6":{"start":{"line":14,"column":0},"end":{"line":14,"column":24}}},"fnMap":{"0":{"name":"(anonymous_0)","decl":{"start":{"line":8,"column":16},"end":{"line":8,"column":17}},"loc":{"start":{"line":8,"column":36},"end":{"line":12,"column":1}},"line":8}},"branchMap":{},"s":{"0":2,"1":2,"2":2,"3":2,"4":1,"5":1,"6":2},"f":{"0":1},"b":{},"_coverageSchema":"1a1c01bbd47fc00a2c39e90264f33305004495a9","hash":"0a0d653f8777cf620fafa9296cff775e69b1aeaf"}
,"/Users/amirelemam/Library/Mobile Documents/com~apple~CloudDocs/Projects/Serverless Bank App/serverless-bank-webapp/services/account-manager/src/components/health/services.js": {"path":"/Users/amirelemam/Library/Mobile Documents/com~apple~CloudDocs/Projects/Serverless Bank App/serverless-bank-webapp/services/account-manager/src/components/health/services.js","statementMap":{"0":{"start":{"line":3,"column":20},"end":{"line":3,"column":52}},"1":{"start":{"line":5,"column":16},"end":{"line":10,"column":1}},"2":{"start":{"line":6,"column":2},"end":{"line":9,"column":4}},"3":{"start":{"line":12,"column":0},"end":{"line":14,"column":2}}},"fnMap":{"0":{"name":"(anonymous_0)","decl":{"start":{"line":5,"column":16},"end":{"line":5,"column":17}},"loc":{"start":{"line":5,"column":22},"end":{"line":10,"column":1}},"line":5}},"branchMap":{},"s":{"0":2,"1":2,"2":1,"3":2},"f":{"0":1},"b":{},"_coverageSchema":"1a1c01bbd47fc00a2c39e90264f33305004495a9","hash":"c894ff01d0bf0e22e0790185aa399268ee07937d"}
,"/Users/amirelemam/Library/Mobile Documents/com~apple~CloudDocs/Projects/Serverless Bank App/serverless-bank-webapp/services/account-manager/src/db/index.js": {"path":"/Users/amirelemam/Library/Mobile Documents/com~apple~CloudDocs/Projects/Serverless Bank App/serverless-bank-webapp/services/account-manager/src/db/index.js","statementMap":{"0":{"start":{"line":3,"column":19},"end":{"line":7,"column":1}},"1":{"start":{"line":9,"column":0},"end":{"line":11,"column":1}},"2":{"start":{"line":10,"column":2},"end":{"line":10,"column":35}},"3":{"start":{"line":13,"column":13},"end":{"line":18,"column":2}},"4":{"start":{"line":20,"column":0},"end":{"line":20,"column":22}}},"fnMap":{},"branchMap":{"0":{"loc":{"start":{"line":6,"column":12},"end":{"line":6,"column":41}},"type":"binary-expr","locations":[{"start":{"line":6,"column":12},"end":{"line":6,"column":35}},{"start":{"line":6,"column":39},"end":{"line":6,"column":41}}],"line":6},"1":{"loc":{"start":{"line":9,"column":0},"end":{"line":11,"column":1}},"type":"if","locations":[{"start":{"line":9,"column":0},"end":{"line":11,"column":1}},{"start":{"line":9,"column":0},"end":{"line":11,"column":1}}],"line":9}},"s":{"0":2,"1":2,"2":2,"3":2,"4":2},"f":{},"b":{"0":[2,2],"1":[2,0]},"_coverageSchema":"1a1c01bbd47fc00a2c39e90264f33305004495a9","hash":"1b609f6d13a9903028c33df5a4a6aa0ed3d379b2"}
,"/Users/amirelemam/Library/Mobile Documents/com~apple~CloudDocs/Projects/Serverless Bank App/serverless-bank-webapp/services/account-manager/src/db/createTables/controller.js": {"path":"/Users/amirelemam/Library/Mobile Documents/com~apple~CloudDocs/Projects/Serverless Bank App/serverless-bank-webapp/services/account-manager/src/db/createTables/controller.js","statementMap":{"0":{"start":{"line":3,"column":21},"end":{"line":3,"column":41}},"1":{"start":{"line":5,"column":0},"end":{"line":10,"column":2}},"2":{"start":{"line":6,"column":2},"end":{"line":6,"column":40}},"3":{"start":{"line":7,"column":2},"end":{"line":7,"column":31}},"4":{"start":{"line":8,"column":2},"end":{"line":8,"column":32}},"5":{"start":{"line":9,"column":2},"end":{"line":9,"column":32}}},"fnMap":{"0":{"name":"(anonymous_0)","decl":{"start":{"line":5,"column":17},"end":{"line":5,"column":18}},"loc":{"start":{"line":5,"column":29},"end":{"line":10,"column":1}},"line":5}},"branchMap":{},"s":{"0":2,"1":2,"2":9,"3":9,"4":9,"5":9},"f":{"0":9},"b":{},"_coverageSchema":"1a1c01bbd47fc00a2c39e90264f33305004495a9","hash":"b549f3aca6f246c05573de5e15d7462f05be9336"}
,"/Users/amirelemam/Library/Mobile Documents/com~apple~CloudDocs/Projects/Serverless Bank App/serverless-bank-webapp/services/account-manager/src/db/createTables/queries.js": {"path":"/Users/amirelemam/Library/Mobile Documents/com~apple~CloudDocs/Projects/Serverless Bank App/serverless-bank-webapp/services/account-manager/src/db/createTables/queries.js","statementMap":{"0":{"start":{"line":3,"column":13},"end":{"line":3,"column":32}},"1":{"start":{"line":5,"column":25},"end":{"line":7,"column":1}},"2":{"start":{"line":6,"column":2},"end":{"line":6,"column":58}},"3":{"start":{"line":9,"column":24},"end":{"line":22,"column":1}},"4":{"start":{"line":10,"column":2},"end":{"line":16,"column":23}},"5":{"start":{"line":18,"column":2},"end":{"line":21,"column":45}},"6":{"start":{"line":24,"column":16},"end":{"line":42,"column":1}},"7":{"start":{"line":25,"column":20},"end":{"line":25,"column":29}},"8":{"start":{"line":27,"column":2},"end":{"line":39,"column":5}},"9":{"start":{"line":28,"column":4},"end":{"line":32,"column":17}},"10":{"start":{"line":33,"column":4},"end":{"line":33,"column":39}},"11":{"start":{"line":34,"column":4},"end":{"line":34,"column":42}},"12":{"start":{"line":35,"column":4},"end":{"line":35,"column":50}},"13":{"start":{"line":36,"column":4},"end":{"line":36,"column":59}},"14":{"start":{"line":37,"column":4},"end":{"line":37,"column":59}},"15":{"start":{"line":38,"column":4},"end":{"line":38,"column":45}},"16":{"start":{"line":41,"column":2},"end":{"line":41,"column":35}},"17":{"start":{"line":44,"column":17},"end":{"line":67,"column":1}},"18":{"start":{"line":45,"column":20},"end":{"line":45,"column":30}},"19":{"start":{"line":47,"column":2},"end":{"line":64,"column":5}},"20":{"start":{"line":48,"column":4},"end":{"line":52,"column":17}},"21":{"start":{"line":53,"column":4},"end":{"line":53,"column":41}},"22":{"start":{"line":54,"column":4},"end":{"line":54,"column":49}},"23":{"start":{"line":55,"column":4},"end":{"line":55,"column":42}},"24":{"start":{"line":56,"column":4},"end":{"line":56,"column":59}},"25":{"start":{"line":57,"column":4},"end":{"line":57,"column":59}},"26":{"start":{"line":58,"column":4},"end":{"line":58,"column":45}},"27":{"start":{"line":59,"column":4},"end":{"line":63,"column":27}},"28":{"start":{"line":66,"column":2},"end":{"line":66,"column":35}},"29":{"start":{"line":69,"column":17},"end":{"line":93,"column":1}},"30":{"start":{"line":70,"column":20},"end":{"line":70,"column":30}},"31":{"start":{"line":72,"column":2},"end":{"line":90,"column":5}},"32":{"start":{"line":73,"column":4},"end":{"line":77,"column":17}},"33":{"start":{"line":78,"column":4},"end":{"line":78,"column":43}},"34":{"start":{"line":79,"column":4},"end":{"line":79,"column":45}},"35":{"start":{"line":80,"column":4},"end":{"line":80,"column":40}},"36":{"start":{"line":81,"column":4},"end":{"line":81,"column":43}},"37":{"start":{"line":82,"column":4},"end":{"line":82,"column":59}},"38":{"start":{"line":83,"column":4},"end":{"line":83,"column":59}},"39":{"start":{"line":84,"column":4},"end":{"line":84,"column":45}},"40":{"start":{"line":85,"column":4},"end":{"line":89,"column":27}},"41":{"start":{"line":92,"column":2},"end":{"line":92,"column":35}},"42":{"start":{"line":95,"column":0},"end":{"line":100,"column":2}}},"fnMap":{"0":{"name":"(anonymous_0)","decl":{"start":{"line":5,"column":25},"end":{"line":5,"column":26}},"loc":{"start":{"line":5,"column":31},"end":{"line":7,"column":1}},"line":5},"1":{"name":"(anonymous_1)","decl":{"start":{"line":9,"column":24},"end":{"line":9,"column":25}},"loc":{"start":{"line":9,"column":41},"end":{"line":22,"column":1}},"line":9},"2":{"name":"(anonymous_2)","decl":{"start":{"line":24,"column":16},"end":{"line":24,"column":17}},"loc":{"start":{"line":24,"column":28},"end":{"line":42,"column":1}},"line":24},"3":{"name":"(anonymous_3)","decl":{"start":{"line":27,"column":43},"end":{"line":27,"column":44}},"loc":{"start":{"line":27,"column":54},"end":{"line":39,"column":3}},"line":27},"4":{"name":"(anonymous_4)","decl":{"start":{"line":44,"column":17},"end":{"line":44,"column":18}},"loc":{"start":{"line":44,"column":29},"end":{"line":67,"column":1}},"line":44},"5":{"name":"(anonymous_5)","decl":{"start":{"line":47,"column":43},"end":{"line":47,"column":44}},"loc":{"start":{"line":47,"column":54},"end":{"line":64,"column":3}},"line":47},"6":{"name":"(anonymous_6)","decl":{"start":{"line":69,"column":17},"end":{"line":69,"column":18}},"loc":{"start":{"line":69,"column":29},"end":{"line":93,"column":1}},"line":69},"7":{"name":"(anonymous_7)","decl":{"start":{"line":72,"column":43},"end":{"line":72,"column":44}},"loc":{"start":{"line":72,"column":54},"end":{"line":90,"column":3}},"line":72}},"branchMap":{},"s":{"0":2,"1":2,"2":9,"3":2,"4":27,"5":27,"6":2,"7":9,"8":9,"9":9,"10":9,"11":9,"12":9,"13":9,"14":9,"15":9,"16":9,"17":2,"18":9,"19":9,"20":9,"21":9,"22":9,"23":9,"24":9,"25":9,"26":9,"27":9,"28":9,"29":2,"30":9,"31":9,"32":9,"33":9,"34":9,"35":9,"36":9,"37":9,"38":9,"39":9,"40":9,"41":9,"42":2},"f":{"0":9,"1":27,"2":9,"3":9,"4":9,"5":9,"6":9,"7":9},"b":{},"_coverageSchema":"1a1c01bbd47fc00a2c39e90264f33305004495a9","hash":"f7261c5852761aeadeddbcec2059f7ffa4247e03"}
,"/Users/amirelemam/Library/Mobile Documents/com~apple~CloudDocs/Projects/Serverless Bank App/serverless-bank-webapp/services/account-manager/src/db/createTables/routes.js": {"path":"/Users/amirelemam/Library/Mobile Documents/com~apple~CloudDocs/Projects/Serverless Bank App/serverless-bank-webapp/services/account-manager/src/db/createTables/routes.js","statementMap":{"0":{"start":{"line":3,"column":16},"end":{"line":3,"column":34}},"1":{"start":{"line":5,"column":15},"end":{"line":5,"column":31}},"2":{"start":{"line":7,"column":21},"end":{"line":7,"column":44}},"3":{"start":{"line":9,"column":0},"end":{"line":16,"column":3}},"4":{"start":{"line":10,"column":2},"end":{"line":15,"column":3}},"5":{"start":{"line":11,"column":4},"end":{"line":11,"column":25}},"6":{"start":{"line":12,"column":4},"end":{"line":12,"column":38}},"7":{"start":{"line":14,"column":4},"end":{"line":14,"column":21}},"8":{"start":{"line":18,"column":0},"end":{"line":18,"column":24}}},"fnMap":{"0":{"name":"(anonymous_0)","decl":{"start":{"line":9,"column":17},"end":{"line":9,"column":18}},"loc":{"start":{"line":9,"column":43},"end":{"line":16,"column":1}},"line":9}},"branchMap":{},"s":{"0":2,"1":2,"2":2,"3":2,"4":9,"5":9,"6":9,"7":0,"8":2},"f":{"0":9},"b":{},"_coverageSchema":"1a1c01bbd47fc00a2c39e90264f33305004495a9","hash":"7c8ec815ca2d91a878c9a7c68354eaa5d71839a6"}
,"/Users/amirelemam/Library/Mobile Documents/com~apple~CloudDocs/Projects/Serverless Bank App/serverless-bank-webapp/services/account-manager/src/db/dropTables/controller.js": {"path":"/Users/amirelemam/Library/Mobile Documents/com~apple~CloudDocs/Projects/Serverless Bank App/serverless-bank-webapp/services/account-manager/src/db/dropTables/controller.js","statementMap":{"0":{"start":{"line":3,"column":19},"end":{"line":3,"column":39}},"1":{"start":{"line":5,"column":0},"end":{"line":9,"column":2}},"2":{"start":{"line":6,"column":2},"end":{"line":6,"column":30}},"3":{"start":{"line":7,"column":2},"end":{"line":7,"column":30}},"4":{"start":{"line":8,"column":2},"end":{"line":8,"column":29}}},"fnMap":{"0":{"name":"(anonymous_0)","decl":{"start":{"line":5,"column":17},"end":{"line":5,"column":18}},"loc":{"start":{"line":5,"column":29},"end":{"line":9,"column":1}},"line":5}},"branchMap":{},"s":{"0":2,"1":2,"2":10,"3":10,"4":10},"f":{"0":10},"b":{},"_coverageSchema":"1a1c01bbd47fc00a2c39e90264f33305004495a9","hash":"082a42512588d78dd85237e10c306ff5eb90377d"}
,"/Users/amirelemam/Library/Mobile Documents/com~apple~CloudDocs/Projects/Serverless Bank App/serverless-bank-webapp/services/account-manager/src/db/dropTables/queries.js": {"path":"/Users/amirelemam/Library/Mobile Documents/com~apple~CloudDocs/Projects/Serverless Bank App/serverless-bank-webapp/services/account-manager/src/db/dropTables/queries.js","statementMap":{"0":{"start":{"line":3,"column":13},"end":{"line":3,"column":32}},"1":{"start":{"line":5,"column":16},"end":{"line":7,"column":1}},"2":{"start":{"line":6,"column":2},"end":{"line":6,"column":50}},"3":{"start":{"line":9,"column":17},"end":{"line":11,"column":1}},"4":{"start":{"line":10,"column":2},"end":{"line":10,"column":51}},"5":{"start":{"line":13,"column":17},"end":{"line":15,"column":1}},"6":{"start":{"line":14,"column":2},"end":{"line":14,"column":51}},"7":{"start":{"line":17,"column":0},"end":{"line":21,"column":2}}},"fnMap":{"0":{"name":"(anonymous_0)","decl":{"start":{"line":5,"column":16},"end":{"line":5,"column":17}},"loc":{"start":{"line":5,"column":22},"end":{"line":7,"column":1}},"line":5},"1":{"name":"(anonymous_1)","decl":{"start":{"line":9,"column":17},"end":{"line":9,"column":18}},"loc":{"start":{"line":9,"column":23},"end":{"line":11,"column":1}},"line":9},"2":{"name":"(anonymous_2)","decl":{"start":{"line":13,"column":17},"end":{"line":13,"column":18}},"loc":{"start":{"line":13,"column":23},"end":{"line":15,"column":1}},"line":13}},"branchMap":{},"s":{"0":2,"1":2,"2":10,"3":2,"4":10,"5":2,"6":10,"7":2},"f":{"0":10,"1":10,"2":10},"b":{},"_coverageSchema":"1a1c01bbd47fc00a2c39e90264f33305004495a9","hash":"b687bc7a4b20bbeb6e2615f6bd524f183afb3deb"}
,"/Users/amirelemam/Library/Mobile Documents/com~apple~CloudDocs/Projects/Serverless Bank App/serverless-bank-webapp/services/account-manager/src/db/dropTables/routes.js": {"path":"/Users/amirelemam/Library/Mobile Documents/com~apple~CloudDocs/Projects/Serverless Bank App/serverless-bank-webapp/services/account-manager/src/db/dropTables/routes.js","statementMap":{"0":{"start":{"line":3,"column":15},"end":{"line":3,"column":42}},"1":{"start":{"line":5,"column":19},"end":{"line":5,"column":42}},"2":{"start":{"line":7,"column":0},"end":{"line":14,"column":3}},"3":{"start":{"line":8,"column":2},"end":{"line":13,"column":3}},"4":{"start":{"line":9,"column":4},"end":{"line":9,"column":23}},"5":{"start":{"line":10,"column":4},"end":{"line":10,"column":38}},"6":{"start":{"line":12,"column":4},"end":{"line":12,"column":21}},"7":{"start":{"line":16,"column":0},"end":{"line":16,"column":24}}},"fnMap":{"0":{"name":"(anonymous_0)","decl":{"start":{"line":7,"column":17},"end":{"line":7,"column":18}},"loc":{"start":{"line":7,"column":43},"end":{"line":14,"column":1}},"line":7}},"branchMap":{},"s":{"0":2,"1":2,"2":2,"3":10,"4":10,"5":10,"6":0,"7":2},"f":{"0":10},"b":{},"_coverageSchema":"1a1c01bbd47fc00a2c39e90264f33305004495a9","hash":"3a83ddbb68129d300e032ccabea908a8846b481c"}
,"/Users/amirelemam/Library/Mobile Documents/com~apple~CloudDocs/Projects/Serverless Bank App/serverless-bank-webapp/services/account-manager/src/db/populateTables/queries.js": {"path":"/Users/amirelemam/Library/Mobile Documents/com~apple~CloudDocs/Projects/Serverless Bank App/serverless-bank-webapp/services/account-manager/src/db/populateTables/queries.js","statementMap":{"0":{"start":{"line":3,"column":13},"end":{"line":3,"column":32}},"1":{"start":{"line":5,"column":16},"end":{"line":15,"column":1}},"2":{"start":{"line":6,"column":2},"end":{"line":14,"column":20}},"3":{"start":{"line":17,"column":17},"end":{"line":27,"column":1}},"4":{"start":{"line":18,"column":2},"end":{"line":26,"column":20}},"5":{"start":{"line":29,"column":17},"end":{"line":40,"column":1}},"6":{"start":{"line":30,"column":2},"end":{"line":39,"column":20}},"7":{"start":{"line":42,"column":0},"end":{"line":46,"column":2}}},"fnMap":{"0":{"name":"(anonymous_0)","decl":{"start":{"line":5,"column":16},"end":{"line":5,"column":17}},"loc":{"start":{"line":5,"column":22},"end":{"line":15,"column":1}},"line":5},"1":{"name":"(anonymous_1)","decl":{"start":{"line":17,"column":17},"end":{"line":17,"column":18}},"loc":{"start":{"line":17,"column":23},"end":{"line":27,"column":1}},"line":17},"2":{"name":"(anonymous_2)","decl":{"start":{"line":29,"column":17},"end":{"line":29,"column":18}},"loc":{"start":{"line":29,"column":23},"end":{"line":40,"column":1}},"line":29}},"branchMap":{},"s":{"0":2,"1":2,"2":8,"3":2,"4":7,"5":2,"6":7,"7":2},"f":{"0":8,"1":7,"2":7},"b":{},"_coverageSchema":"1a1c01bbd47fc00a2c39e90264f33305004495a9","hash":"5518a0c8656689d52fdaa28d08341671765f1f01"}
,"/Users/amirelemam/Library/Mobile Documents/com~apple~CloudDocs/Projects/Serverless Bank App/serverless-bank-webapp/services/account-manager/src/db/populateTables/routes.js": {"path":"/Users/amirelemam/Library/Mobile Documents/com~apple~CloudDocs/Projects/Serverless Bank App/serverless-bank-webapp/services/account-manager/src/db/populateTables/routes.js","statementMap":{"0":{"start":{"line":3,"column":15},"end":{"line":3,"column":42}},"1":{"start":{"line":5,"column":23},"end":{"line":5,"column":43}},"2":{"start":{"line":7,"column":0},"end":{"line":17,"column":3}},"3":{"start":{"line":8,"column":2},"end":{"line":16,"column":3}},"4":{"start":{"line":9,"column":4},"end":{"line":9,"column":35}},"5":{"start":{"line":10,"column":4},"end":{"line":10,"column":36}},"6":{"start":{"line":11,"column":4},"end":{"line":11,"column":36}},"7":{"start":{"line":13,"column":4},"end":{"line":13,"column":38}},"8":{"start":{"line":15,"column":4},"end":{"line":15,"column":21}},"9":{"start":{"line":19,"column":0},"end":{"line":26,"column":3}},"10":{"start":{"line":20,"column":2},"end":{"line":25,"column":3}},"11":{"start":{"line":21,"column":4},"end":{"line":21,"column":35}},"12":{"start":{"line":22,"column":4},"end":{"line":22,"column":38}},"13":{"start":{"line":24,"column":4},"end":{"line":24,"column":21}},"14":{"start":{"line":28,"column":0},"end":{"line":35,"column":3}},"15":{"start":{"line":29,"column":2},"end":{"line":34,"column":3}},"16":{"start":{"line":30,"column":4},"end":{"line":30,"column":36}},"17":{"start":{"line":31,"column":4},"end":{"line":31,"column":38}},"18":{"start":{"line":33,"column":4},"end":{"line":33,"column":21}},"19":{"start":{"line":37,"column":0},"end":{"line":44,"column":3}},"20":{"start":{"line":38,"column":2},"end":{"line":43,"column":3}},"21":{"start":{"line":39,"column":4},"end":{"line":39,"column":36}},"22":{"start":{"line":40,"column":4},"end":{"line":40,"column":38}},"23":{"start":{"line":42,"column":4},"end":{"line":42,"column":21}},"24":{"start":{"line":46,"column":0},"end":{"line":46,"column":24}}},"fnMap":{"0":{"name":"(anonymous_0)","decl":{"start":{"line":7,"column":17},"end":{"line":7,"column":18}},"loc":{"start":{"line":7,"column":43},"end":{"line":17,"column":1}},"line":7},"1":{"name":"(anonymous_1)","decl":{"start":{"line":19,"column":24},"end":{"line":19,"column":25}},"loc":{"start":{"line":19,"column":50},"end":{"line":26,"column":1}},"line":19},"2":{"name":"(anonymous_2)","decl":{"start":{"line":28,"column":25},"end":{"line":28,"column":26}},"loc":{"start":{"line":28,"column":51},"end":{"line":35,"column":1}},"line":28},"3":{"name":"(anonymous_3)","decl":{"start":{"line":37,"column":25},"end":{"line":37,"column":26}},"loc":{"start":{"line":37,"column":51},"end":{"line":44,"column":1}},"line":37}},"branchMap":{},"s":{"0":2,"1":2,"2":2,"3":7,"4":7,"5":7,"6":7,"7":7,"8":0,"9":2,"10":1,"11":1,"12":1,"13":0,"14":2,"15":0,"16":0,"17":0,"18":0,"19":2,"20":0,"21":0,"22":0,"23":0,"24":2},"f":{"0":7,"1":1,"2":0,"3":0},"b":{},"_coverageSchema":"1a1c01bbd47fc00a2c39e90264f33305004495a9","hash":"5a10ca828b04dd2206fc28c398837ead93558f0a"}
}
