TN:
SF:src/app.js
FN:25,(anonymous_0)
FN:34,(anonymous_1)
FNF:2
FNH:2
FNDA:39,(anonymous_0)
FNDA:8,(anonymous_1)
DA:3,2
DA:4,2
DA:5,2
DA:6,2
DA:7,2
DA:8,2
DA:9,2
DA:11,2
DA:12,2
DA:13,2
DA:15,2
DA:17,2
DA:18,2
DA:19,2
DA:20,2
DA:21,2
DA:22,2
DA:25,2
DA:26,39
DA:27,39
DA:28,39
DA:31,2
DA:34,2
DA:35,8
DA:36,8
DA:37,8
DA:39,8
DA:42,2
LF:28
LH:28
BRDA:35,0,0,8
BRDA:35,0,1,0
BRDA:39,1,0,8
BRDA:39,1,1,1
BRF:4
BRH:3
end_of_record
TN:
SF:src/routes.js
FN:26,(anonymous_0)
FNF:1
FNH:1
FNDA:1,(anonymous_0)
DA:3,2
DA:4,2
DA:6,2
DA:7,2
DA:8,2
DA:9,2
DA:10,2
DA:12,2
DA:15,2
DA:16,2
DA:19,2
DA:20,2
DA:21,2
DA:22,2
DA:26,2
DA:27,1
DA:28,0
DA:31,2
LF:18
LH:17
BRDA:19,0,0,2
BRDA:19,0,1,0
BRDA:27,1,0,1
BRDA:27,1,1,0
BRF:4
BRH:2
end_of_record
TN:
SF:src/common/errors.js
FN:4,(anonymous_0)
FN:7,(anonymous_1)
FN:12,(anonymous_2)
FN:16,(anonymous_3)
FN:19,(anonymous_4)
FN:23,(anonymous_5)
FN:27,(anonymous_6)
FN:30,(anonymous_7)
FN:33,(anonymous_8)
FN:37,(anonymous_9)
FNF:10
FNH:2
FNDA:3,(anonymous_0)
FNDA:0,(anonymous_1)
FNDA:0,(anonymous_2)
FNDA:0,(anonymous_3)
FNDA:0,(anonymous_4)
FNDA:0,(anonymous_5)
FNDA:0,(anonymous_6)
FNDA:0,(anonymous_7)
FNDA:0,(anonymous_8)
FNDA:3,(anonymous_9)
DA:1,2
DA:5,3
DA:7,3
DA:8,3
DA:12,2
DA:14,0
DA:16,2
DA:17,0
DA:19,2
DA:21,0
DA:23,2
DA:25,0
DA:27,2
DA:28,0
DA:30,2
DA:31,0
DA:33,2
DA:35,0
DA:37,2
DA:38,3
LF:20
LH:13
BRDA:13,0,0,0
BRDA:16,1,0,0
BRDA:20,2,0,0
BRDA:24,3,0,0
BRDA:27,4,0,0
BRDA:30,5,0,0
BRDA:34,6,0,0
BRDA:37,7,0,0
BRF:8
BRH:0
end_of_record
TN:
SF:src/common/logger.js
FN:29,(anonymous_0)
FN:39,(anonymous_1)
FNF:2
FNH:2
FNDA:9,(anonymous_0)
FNDA:39,(anonymous_1)
DA:1,2
DA:3,2
DA:18,2
DA:20,2
DA:29,9
DA:37,2
DA:38,2
DA:40,39
LF:8
LH:8
BRF:0
BRH:0
end_of_record
TN:
SF:src/common/sentry.js
FNF:0
FNH:0
DA:1,2
DA:3,2
DA:7,2
LF:3
LH:3
BRF:0
BRH:0
end_of_record
TN:
SF:src/components/accounts/queries.js
FN:5,(anonymous_0)
FNF:1
FNH:1
FNDA:7,(anonymous_0)
DA:3,2
DA:5,2
DA:6,7
DA:7,7
DA:16,0
DA:20,2
LF:6
LH:5
BRF:0
BRH:0
end_of_record
TN:
SF:src/components/accounts/services.js
FN:5,(anonymous_0)
FNF:1
FNH:1
FNDA:7,(anonymous_0)
DA:3,2
DA:5,2
DA:6,7
DA:9,2
LF:4
LH:4
BRF:0
BRH:0
end_of_record
TN:
SF:src/components/balances/controller.js
FN:5,(anonymous_0)
FN:9,(anonymous_1)
FN:13,(anonymous_2)
FNF:3
FNH:1
FNDA:9,(anonymous_0)
FNDA:0,(anonymous_1)
FNDA:0,(anonymous_2)
DA:3,2
DA:5,2
DA:6,9
DA:9,2
DA:10,0
DA:13,2
DA:14,0
DA:17,2
LF:8
LH:6
BRF:0
BRH:0
end_of_record
TN:
SF:src/components/balances/queries.js
FN:5,(anonymous_0)
FN:13,(anonymous_1)
FNF:2
FNH:2
FNDA:1,(anonymous_0)
FNDA:3,(anonymous_1)
DA:3,2
DA:5,2
DA:6,1
DA:13,2
DA:14,3
DA:22,2
LF:6
LH:6
BRF:0
BRH:0
end_of_record
TN:
SF:src/components/balances/routes.js
FN:10,(anonymous_0)
FN:23,(anonymous_1)
FN:47,(anonymous_2)
FNF:3
FNH:1
FNDA:0,(anonymous_0)
FNDA:10,(anonymous_1)
FNDA:0,(anonymous_2)
DA:3,2
DA:4,2
DA:5,2
DA:6,2
DA:8,2
DA:10,2
DA:11,0
DA:12,0
DA:13,0
DA:15,0
DA:17,0
DA:19,0
DA:23,2
DA:24,10
DA:25,10
DA:27,10
DA:29,10
DA:31,9
DA:33,9
DA:40,2
DA:41,1
DA:43,8
DA:47,2
DA:48,0
DA:49,0
DA:51,0
DA:53,0
DA:55,0
DA:59,2
LF:29
LH:18
BRDA:29,0,0,1
BRDA:29,0,1,9
BRDA:40,1,0,1
BRDA:40,1,1,1
BRF:4
BRH:4
end_of_record
TN:
SF:src/components/balances/services.js
FN:9,(anonymous_0)
FN:60,(anonymous_1)
FNF:2
FNH:1
FNDA:9,(anonymous_0)
FNDA:0,(anonymous_1)
DA:3,2
DA:4,2
DA:5,2
DA:6,2
DA:7,2
DA:9,2
DA:10,9
DA:11,2
DA:14,7
DA:19,6
DA:20,2
DA:23,4
DA:25,4
DA:26,4
DA:27,1
DA:33,3
DA:35,3
DA:36,3
DA:37,1
DA:40,2
DA:42,2
DA:44,2
DA:49,2
DA:50,1
DA:56,1
DA:60,2
DA:67,2
LF:27
LH:27
BRDA:10,0,0,2
BRDA:10,0,1,7
BRDA:19,1,0,2
BRDA:19,1,1,4
BRDA:26,2,0,1
BRDA:26,2,1,3
BRDA:36,3,0,1
BRDA:36,3,1,2
BRDA:49,4,0,1
BRDA:49,4,1,1
BRF:10
BRH:10
end_of_record
TN:
SF:src/components/balances/validation.js
FN:4,(anonymous_0)
FNF:1
FNH:1
FNDA:10,(anonymous_0)
DA:1,2
DA:2,2
DA:4,2
DA:5,10
DA:12,10
DA:13,10
DA:14,9
DA:16,1
DA:17,1
DA:21,2
LF:10
LH:10
BRF:0
BRH:0
end_of_record
TN:
SF:src/components/health/controller.js
FN:5,(anonymous_0)
FNF:1
FNH:1
FNDA:1,(anonymous_0)
DA:3,2
DA:5,2
DA:6,1
DA:9,2
LF:4
LH:4
BRF:0
BRH:0
end_of_record
TN:
SF:src/components/health/routes.js
FN:8,(anonymous_0)
FNF:1
FNH:1
FNDA:1,(anonymous_0)
DA:3,2
DA:4,2
DA:6,2
DA:8,2
DA:9,1
DA:11,1
DA:14,2
LF:7
LH:7
BRF:0
BRH:0
end_of_record
TN:
SF:src/components/health/services.js
FN:5,(anonymous_0)
FNF:1
FNH:1
FNDA:1,(anonymous_0)
DA:3,2
DA:5,2
DA:6,1
DA:12,2
LF:4
LH:4
BRF:0
BRH:0
end_of_record
TN:
SF:src/db/index.js
FNF:0
FNH:0
DA:3,2
DA:9,2
DA:10,2
DA:13,2
DA:20,2
LF:5
LH:5
BRDA:6,0,0,2
BRDA:6,0,1,2
BRDA:9,1,0,2
BRDA:9,1,1,0
BRF:4
BRH:3
end_of_record
TN:
SF:src/db/createTables/controller.js
FN:5,(anonymous_0)
FNF:1
FNH:1
FNDA:9,(anonymous_0)
DA:3,2
DA:5,2
DA:6,9
DA:7,9
DA:8,9
DA:9,9
LF:6
LH:6
BRF:0
BRH:0
end_of_record
TN:
SF:src/db/createTables/queries.js
FN:5,(anonymous_0)
FN:9,(anonymous_1)
FN:24,(anonymous_2)
FN:27,(anonymous_3)
FN:44,(anonymous_4)
FN:47,(anonymous_5)
FN:69,(anonymous_6)
FN:72,(anonymous_7)
FNF:8
FNH:8
FNDA:9,(anonymous_0)
FNDA:27,(anonymous_1)
FNDA:9,(anonymous_2)
FNDA:9,(anonymous_3)
FNDA:9,(anonymous_4)
FNDA:9,(anonymous_5)
FNDA:9,(anonymous_6)
FNDA:9,(anonymous_7)
DA:3,2
DA:5,2
DA:6,9
DA:9,2
DA:10,27
DA:18,27
DA:24,2
DA:25,9
DA:27,9
DA:28,9
DA:33,9
DA:34,9
DA:35,9
DA:36,9
DA:37,9
DA:38,9
DA:41,9
DA:44,2
DA:45,9
DA:47,9
DA:48,9
DA:53,9
DA:54,9
DA:55,9
DA:56,9
DA:57,9
DA:58,9
DA:59,9
DA:66,9
DA:69,2
DA:70,9
DA:72,9
DA:73,9
DA:78,9
DA:79,9
DA:80,9
DA:81,9
DA:82,9
DA:83,9
DA:84,9
DA:85,9
DA:92,9
DA:95,2
LF:43
LH:43
BRF:0
BRH:0
end_of_record
TN:
SF:src/db/createTables/routes.js
FN:9,(anonymous_0)
FNF:1
FNH:1
FNDA:9,(anonymous_0)
DA:3,2
DA:5,2
DA:7,2
DA:9,2
DA:10,9
DA:11,9
DA:12,9
DA:14,0
DA:18,2
LF:9
LH:8
BRF:0
BRH:0
end_of_record
TN:
SF:src/db/dropTables/controller.js
FN:5,(anonymous_0)
FNF:1
FNH:1
FNDA:10,(anonymous_0)
DA:3,2
DA:5,2
DA:6,10
DA:7,10
DA:8,10
LF:5
LH:5
BRF:0
BRH:0
end_of_record
TN:
SF:src/db/dropTables/queries.js
FN:5,(anonymous_0)
FN:9,(anonymous_1)
FN:13,(anonymous_2)
FNF:3
FNH:3
FNDA:10,(anonymous_0)
FNDA:10,(anonymous_1)
FNDA:10,(anonymous_2)
DA:3,2
DA:5,2
DA:6,10
DA:9,2
DA:10,10
DA:13,2
DA:14,10
DA:17,2
LF:8
LH:8
BRF:0
BRH:0
end_of_record
TN:
SF:src/db/dropTables/routes.js
FN:7,(anonymous_0)
FNF:1
FNH:1
FNDA:10,(anonymous_0)
DA:3,2
DA:5,2
DA:7,2
DA:8,10
DA:9,10
DA:10,10
DA:12,0
DA:16,2
LF:8
LH:7
BRF:0
BRH:0
end_of_record
TN:
SF:src/db/populateTables/queries.js
FN:5,(anonymous_0)
FN:17,(anonymous_1)
FN:29,(anonymous_2)
FNF:3
FNH:3
FNDA:8,(anonymous_0)
FNDA:7,(anonymous_1)
FNDA:7,(anonymous_2)
DA:3,2
DA:5,2
DA:6,8
DA:17,2
DA:18,7
DA:29,2
DA:30,7
DA:42,2
LF:8
LH:8
BRF:0
BRH:0
end_of_record
TN:
SF:src/db/populateTables/routes.js
FN:7,(anonymous_0)
FN:19,(anonymous_1)
FN:28,(anonymous_2)
FN:37,(anonymous_3)
FNF:4
FNH:2
FNDA:7,(anonymous_0)
FNDA:1,(anonymous_1)
FNDA:0,(anonymous_2)
FNDA:0,(anonymous_3)
DA:3,2
DA:5,2
DA:7,2
DA:8,7
DA:9,7
DA:10,7
DA:11,7
DA:13,7
DA:15,0
DA:19,2
DA:20,1
DA:21,1
DA:22,1
DA:24,0
DA:28,2
DA:29,0
DA:30,0
DA:31,0
DA:33,0
DA:37,2
DA:38,0
DA:39,0
DA:40,0
DA:42,0
DA:46,2
LF:25
LH:15
BRF:0
BRH:0
end_of_record
