TN:
SF:src/app.js
FN:26,(anonymous_0)
FN:35,(anonymous_1)
FNF:2
FNH:2
FNDA:82,(anonymous_0)
FNDA:17,(anonymous_1)
DA:3,4
DA:4,4
DA:5,4
DA:6,4
DA:7,4
DA:8,4
DA:9,4
DA:10,4
DA:12,4
DA:13,4
DA:14,4
DA:16,4
DA:18,4
DA:19,4
DA:20,4
DA:21,4
DA:22,4
DA:23,4
DA:26,4
DA:27,82
DA:28,82
DA:29,82
DA:32,4
DA:35,4
DA:36,17
DA:37,17
DA:38,17
DA:40,17
DA:41,14
DA:43,0
DA:44,0
DA:48,4
LF:32
LH:30
BRDA:36,0,0,17
BRDA:36,0,1,0
BRDA:40,1,0,3
BRDA:40,1,1,14
BRF:4
BRH:3
end_of_record
TN:
SF:src/routes.js
FN:26,(anonymous_0)
FNF:1
FNH:1
FNDA:2,(anonymous_0)
DA:3,4
DA:4,4
DA:6,4
DA:7,4
DA:8,4
DA:9,4
DA:10,4
DA:12,4
DA:15,4
DA:16,4
DA:19,4
DA:20,4
DA:21,4
DA:22,4
DA:26,4
DA:27,2
DA:28,0
DA:31,4
LF:18
LH:17
BRDA:19,0,0,4
BRDA:19,0,1,0
BRDA:27,1,0,2
BRDA:27,1,1,0
BRF:4
BRH:2
end_of_record
TN:
SF:src/common/errors.js
FN:4,(anonymous_0)
FN:7,(anonymous_1)
FN:12,(anonymous_2)
FN:16,(anonymous_3)
FN:19,(anonymous_4)
FN:23,(anonymous_5)
FN:27,(anonymous_6)
FN:30,(anonymous_7)
FN:33,(anonymous_8)
FN:37,(anonymous_9)
FNF:10
FNH:2
FNDA:5,(anonymous_0)
FNDA:0,(anonymous_1)
FNDA:0,(anonymous_2)
FNDA:0,(anonymous_3)
FNDA:0,(anonymous_4)
FNDA:0,(anonymous_5)
FNDA:0,(anonymous_6)
FNDA:0,(anonymous_7)
FNDA:0,(anonymous_8)
FNDA:5,(anonymous_9)
DA:1,4
DA:5,5
DA:7,5
DA:8,5
DA:12,4
DA:14,0
DA:16,4
DA:17,0
DA:19,4
DA:21,0
DA:23,4
DA:25,0
DA:27,4
DA:28,0
DA:30,4
DA:31,0
DA:33,4
DA:35,0
DA:37,4
DA:38,5
LF:20
LH:13
BRDA:13,0,0,0
BRDA:16,1,0,0
BRDA:20,2,0,0
BRDA:24,3,0,0
BRDA:27,4,0,0
BRDA:30,5,0,0
BRDA:34,6,0,0
BRDA:37,7,0,0
BRF:8
BRH:0
end_of_record
TN:
SF:src/common/logger.js
FN:29,(anonymous_0)
FN:39,(anonymous_1)
FNF:2
FNH:2
FNDA:20,(anonymous_0)
FNDA:82,(anonymous_1)
DA:1,4
DA:3,4
DA:18,4
DA:20,4
DA:29,20
DA:37,4
DA:38,4
DA:40,82
LF:8
LH:8
BRF:0
BRH:0
end_of_record
TN:
SF:src/common/sentry.js
FNF:0
FNH:0
DA:1,4
DA:3,4
DA:7,4
LF:3
LH:3
BRF:0
BRH:0
end_of_record
TN:
SF:src/components/accounts/controller.js
FN:5,(anonymous_0)
FN:9,(anonymous_1)
FN:13,(anonymous_2)
FNF:3
FNH:3
FNDA:8,(anonymous_0)
FNDA:9,(anonymous_1)
FNDA:2,(anonymous_2)
DA:3,4
DA:5,4
DA:6,8
DA:9,4
DA:10,9
DA:13,4
DA:14,2
DA:17,4
LF:8
LH:8
BRF:0
BRH:0
end_of_record
TN:
SF:src/components/accounts/queries.js
FN:6,(anonymous_0)
FN:17,(anonymous_1)
FN:25,(anonymous_2)
FNF:3
FNH:3
FNDA:22,(anonymous_0)
FNDA:2,(anonymous_1)
FNDA:6,(anonymous_2)
DA:3,4
DA:4,4
DA:6,4
DA:7,22
DA:17,4
DA:18,2
DA:25,4
DA:26,6
DA:34,4
LF:9
LH:9
BRF:0
BRH:0
end_of_record
TN:
SF:src/components/accounts/routes.js
FN:11,(anonymous_0)
FN:30,(anonymous_1)
FN:54,(anonymous_2)
FNF:3
FNH:3
FNDA:3,(anonymous_0)
FNDA:9,(anonymous_1)
FNDA:10,(anonymous_2)
DA:3,4
DA:4,4
DA:5,4
DA:7,4
DA:9,4
DA:12,3
DA:13,3
DA:15,3
DA:17,3
DA:19,2
DA:21,2
DA:23,1
DA:25,2
DA:30,4
DA:31,9
DA:32,9
DA:34,9
DA:36,9
DA:38,8
DA:40,8
DA:47,2
DA:48,1
DA:50,7
DA:54,4
DA:55,10
DA:56,10
DA:58,10
DA:60,10
DA:62,9
DA:64,9
DA:71,2
DA:72,1
DA:74,8
DA:78,4
LF:34
LH:34
BRDA:17,0,0,1
BRDA:17,0,1,2
BRDA:36,1,0,1
BRDA:36,1,1,8
BRDA:47,2,0,1
BRDA:47,2,1,1
BRDA:60,3,0,1
BRDA:60,3,1,9
BRDA:71,4,0,1
BRDA:71,4,1,1
BRF:10
BRH:10
end_of_record
TN:
SF:src/components/accounts/services.js
FN:7,(anonymous_0)
FN:17,(anonymous_1)
FN:42,(anonymous_2)
FN:69,(anonymous_3)
FNF:4
FNH:4
FNDA:22,(anonymous_0)
FNDA:9,(anonymous_1)
FNDA:8,(anonymous_2)
FNDA:9,(anonymous_3)
DA:3,4
DA:4,4
DA:5,4
DA:7,4
DA:8,22
DA:10,19
DA:11,4
DA:14,15
DA:17,4
DA:18,9
DA:20,8
DA:21,8
DA:22,2
DA:25,6
DA:27,6
DA:28,1
DA:35,5
DA:42,4
DA:43,8
DA:44,2
DA:47,6
DA:49,3
DA:51,2
DA:53,2
DA:58,2
DA:59,1
DA:65,1
DA:69,4
DA:70,9
DA:71,2
DA:74,7
DA:76,4
DA:78,3
DA:80,3
DA:81,1
DA:84,2
DA:89,2
DA:90,1
DA:96,1
DA:100,4
LF:40
LH:40
BRDA:10,0,0,4
BRDA:10,0,1,15
BRDA:17,1,0,7
BRDA:21,2,0,2
BRDA:21,2,1,6
BRDA:27,3,0,1
BRDA:27,3,1,5
BRDA:43,4,0,2
BRDA:43,4,1,6
BRDA:58,5,0,1
BRDA:58,5,1,1
BRDA:70,6,0,2
BRDA:70,6,1,7
BRDA:80,7,0,1
BRDA:80,7,1,2
BRDA:89,8,0,1
BRDA:89,8,1,1
BRF:17
BRH:17
end_of_record
TN:
SF:src/components/accounts/validation.js
FN:4,(anonymous_0)
FN:21,(anonymous_1)
FN:38,(anonymous_2)
FNF:3
FNH:3
FNDA:9,(anonymous_0)
FNDA:10,(anonymous_1)
FNDA:3,(anonymous_2)
DA:1,4
DA:2,4
DA:4,4
DA:5,9
DA:12,9
DA:13,9
DA:14,8
DA:16,1
DA:17,1
DA:21,4
DA:22,10
DA:29,10
DA:30,10
DA:31,9
DA:33,1
DA:34,1
DA:38,4
DA:39,3
DA:41,3
DA:43,3
DA:44,3
DA:45,2
DA:47,1
DA:48,1
DA:52,4
LF:25
LH:25
BRF:0
BRH:0
end_of_record
TN:
SF:src/components/health/controller.js
FN:5,(anonymous_0)
FNF:1
FNH:1
FNDA:1,(anonymous_0)
DA:3,4
DA:5,4
DA:6,1
DA:9,4
LF:4
LH:4
BRF:0
BRH:0
end_of_record
TN:
SF:src/components/health/routes.js
FN:8,(anonymous_0)
FNF:1
FNH:1
FNDA:1,(anonymous_0)
DA:3,4
DA:4,4
DA:6,4
DA:8,4
DA:9,1
DA:11,1
DA:14,4
LF:7
LH:7
BRF:0
BRH:0
end_of_record
TN:
SF:src/components/health/services.js
FN:5,(anonymous_0)
FNF:1
FNH:1
FNDA:1,(anonymous_0)
DA:3,4
DA:5,4
DA:6,1
DA:12,4
LF:4
LH:4
BRF:0
BRH:0
end_of_record
TN:
SF:src/db/index.js
FNF:0
FNH:0
DA:3,4
DA:9,4
DA:10,4
DA:13,4
DA:20,4
LF:5
LH:5
BRDA:6,0,0,4
BRDA:6,0,1,4
BRDA:9,1,0,4
BRDA:9,1,1,0
BRF:4
BRH:3
end_of_record
TN:
SF:src/db/createTables/controller.js
FN:5,(anonymous_0)
FNF:1
FNH:1
FNDA:19,(anonymous_0)
DA:3,4
DA:5,4
DA:6,19
DA:7,19
DA:8,19
DA:9,19
LF:6
LH:6
BRF:0
BRH:0
end_of_record
TN:
SF:src/db/createTables/queries.js
FN:5,(anonymous_0)
FN:9,(anonymous_1)
FN:24,(anonymous_2)
FN:27,(anonymous_3)
FN:44,(anonymous_4)
FN:47,(anonymous_5)
FN:69,(anonymous_6)
FN:72,(anonymous_7)
FNF:8
FNH:8
FNDA:19,(anonymous_0)
FNDA:57,(anonymous_1)
FNDA:19,(anonymous_2)
FNDA:19,(anonymous_3)
FNDA:19,(anonymous_4)
FNDA:19,(anonymous_5)
FNDA:19,(anonymous_6)
FNDA:19,(anonymous_7)
DA:3,4
DA:5,4
DA:6,19
DA:9,4
DA:10,57
DA:18,57
DA:24,4
DA:25,19
DA:27,19
DA:28,19
DA:33,19
DA:34,19
DA:35,19
DA:36,19
DA:37,19
DA:38,19
DA:41,19
DA:44,4
DA:45,19
DA:47,19
DA:48,19
DA:53,19
DA:54,19
DA:55,19
DA:56,19
DA:57,19
DA:58,19
DA:59,19
DA:66,19
DA:69,4
DA:70,19
DA:72,19
DA:73,19
DA:78,19
DA:79,19
DA:80,19
DA:81,19
DA:82,19
DA:83,19
DA:90,19
DA:93,4
LF:41
LH:41
BRF:0
BRH:0
end_of_record
TN:
SF:src/db/createTables/routes.js
FN:9,(anonymous_0)
FNF:1
FNH:1
FNDA:19,(anonymous_0)
DA:3,4
DA:5,4
DA:7,4
DA:9,4
DA:10,19
DA:11,19
DA:12,19
DA:14,0
DA:18,4
LF:9
LH:8
BRF:0
BRH:0
end_of_record
TN:
SF:src/db/dropTables/controller.js
FN:5,(anonymous_0)
FNF:1
FNH:1
FNDA:22,(anonymous_0)
DA:3,4
DA:5,4
DA:6,22
DA:7,22
DA:8,22
LF:5
LH:5
BRF:0
BRH:0
end_of_record
TN:
SF:src/db/dropTables/queries.js
FN:5,(anonymous_0)
FN:9,(anonymous_1)
FN:13,(anonymous_2)
FNF:3
FNH:3
FNDA:22,(anonymous_0)
FNDA:22,(anonymous_1)
FNDA:22,(anonymous_2)
DA:3,4
DA:5,4
DA:6,22
DA:9,4
DA:10,22
DA:13,4
DA:14,22
DA:17,4
LF:8
LH:8
BRF:0
BRH:0
end_of_record
TN:
SF:src/db/dropTables/routes.js
FN:7,(anonymous_0)
FNF:1
FNH:1
FNDA:22,(anonymous_0)
DA:3,4
DA:5,4
DA:7,4
DA:8,22
DA:9,22
DA:10,22
DA:12,0
DA:16,4
LF:8
LH:7
BRF:0
BRH:0
end_of_record
TN:
SF:src/db/populateTables/queries.js
FN:5,(anonymous_0)
FN:17,(anonymous_1)
FN:29,(anonymous_2)
FNF:3
FNH:3
FNDA:16,(anonymous_0)
FNDA:14,(anonymous_1)
FNDA:14,(anonymous_2)
DA:3,4
DA:5,4
DA:6,16
DA:17,4
DA:18,14
DA:29,4
DA:30,14
DA:40,4
LF:8
LH:8
BRF:0
BRH:0
end_of_record
TN:
SF:src/db/populateTables/routes.js
FN:7,(anonymous_0)
FN:19,(anonymous_1)
FN:28,(anonymous_2)
FN:37,(anonymous_3)
FNF:4
FNH:2
FNDA:14,(anonymous_0)
FNDA:2,(anonymous_1)
FNDA:0,(anonymous_2)
FNDA:0,(anonymous_3)
DA:3,4
DA:5,4
DA:7,4
DA:8,14
DA:9,14
DA:10,14
DA:11,14
DA:13,14
DA:15,0
DA:19,4
DA:20,2
DA:21,2
DA:22,2
DA:24,0
DA:28,4
DA:29,0
DA:30,0
DA:31,0
DA:33,0
DA:37,4
DA:38,0
DA:39,0
DA:40,0
DA:42,0
DA:46,4
LF:25
LH:15
BRF:0
BRH:0
end_of_record
